2022-10-12	10:03:02	0d949d56-eb8a-4e5a-b297-9886817a4392	OPTIONS	http://localhost:3000	/signup
2022-10-12	10:03:02	7bae01d8-7e17-4eb4-afaa-a05dcb900671	POST	http://localhost:3000	/signup
2022-10-12	10:03:53	8366d3cc-5829-4fc6-9f7a-75f3ce1d634c	OPTIONS	http://localhost:3000	/login
2022-10-12	10:03:53	c80da66a-dea9-4043-8406-4f18c0f120c4	POST	http://localhost:3000	/login
2022-10-12	10:03:56	fb579605-da6c-4ef8-89ef-aa3c246673d8	OPTIONS	http://localhost:3000	/refresh
2022-10-12	10:03:56	efabecbf-cf0e-4624-9c3f-e874193bed73	GET	http://localhost:3000	/refresh
2022-10-12	10:07:08	2a5902da-3c9e-4617-bab1-cddfbc08d0e6	OPTIONS	http://localhost:3000	/login
2022-10-12	10:07:08	9a59579b-fa95-4332-a1ed-0ae690b2976e	POST	http://localhost:3000	/login
2022-10-12	10:12:56	18de239b-35b5-4816-9a20-8690c08813a1	OPTIONS	http://localhost:3000	/login
2022-10-12	10:12:56	580dff59-6522-40b2-b512-135f85105e6d	POST	http://localhost:3000	/login
2022-10-12	10:13:14	ce45ebb6-b0cd-46a2-9f17-afb4cc9f2583	OPTIONS	http://localhost:3000	/refresh
2022-10-12	10:13:14	99f4550a-beda-4441-a2b4-7f52c8863f78	GET	http://localhost:3000	/refresh
2022-10-12	10:14:54	e4f87d7e-d76f-4ecb-986b-3cf071020fcb	OPTIONS	http://localhost:3000	/login
2022-10-12	10:14:54	02fddc41-8bac-4422-948b-00eb6d68dd5b	POST	http://localhost:3000	/login
2022-10-12	10:14:55	b2951ae3-3cfc-450b-a1f2-f82a7e71e339	OPTIONS	http://localhost:3000	/refresh
2022-10-12	10:14:55	8253d9e0-186c-4bcd-926e-8b7799bb1efb	GET	http://localhost:3000	/refresh
2022-10-12	10:25:45	ca13070e-6967-4274-8db6-390e8858de74	OPTIONS	http://localhost:3000	/login
2022-10-12	10:25:45	46ba2f51-4a0f-4086-8f99-409a05fc6834	POST	http://localhost:3000	/login
2022-10-12	10:26:20	dcab0791-29f3-41ad-8053-4b9349e86908	OPTIONS	http://localhost:3000	/login
2022-10-12	10:26:20	3261b8bb-745f-44fc-942b-12f32dacc3d5	POST	http://localhost:3000	/login
2022-10-12	10:26:46	bfd4d96c-fd55-4c1b-a430-5686d6d297be	OPTIONS	http://localhost:3000	/login
2022-10-12	10:26:46	18ba90c0-6026-4747-bf0b-248c3d9e5d30	POST	http://localhost:3000	/login
2022-10-12	10:27:21	ad298439-6cf9-441a-a3c3-93d4b83b2a25	OPTIONS	http://localhost:3000	/login
2022-10-12	10:27:21	92a5393b-eb93-48c4-a401-519182477f09	POST	http://localhost:3000	/login
2022-10-12	10:27:28	61e27712-a071-42ca-89bf-f4cfb07e44d7	OPTIONS	http://localhost:3000	/login
2022-10-12	10:27:28	df0ae0c5-3093-4633-89f0-82e0f3f33820	POST	http://localhost:3000	/login
2022-10-12	10:27:41	4cf47a57-08a2-439e-b38f-f4ca696e0ce1	OPTIONS	http://localhost:3000	/login
2022-10-12	10:27:41	42405606-3d50-4b10-828f-a0e57b09fe91	POST	http://localhost:3000	/login
2022-10-12	10:27:42	143e7d2c-3fca-4693-9269-6aff73aa7203	OPTIONS	http://localhost:3000	/users/634682c87b6b5a1bb8aeb3d4/todos
2022-10-12	10:27:42	e820febe-32b5-407e-9213-0ffc6870117a	OPTIONS	http://localhost:3000	/refresh
2022-10-12	10:27:42	20b0ff18-e23d-4f05-b751-03e611e48770	GET	http://localhost:3000	/users/634682c87b6b5a1bb8aeb3d4/todos
2022-10-12	10:27:42	aeb104bf-3ffd-40a0-ba68-fddebe4ff59d	GET	http://localhost:3000	/refresh
2022-10-12	10:27:49	457cdc81-feab-4699-a4ef-0c1680ac24be	OPTIONS	http://localhost:3000	/logout
2022-10-12	10:27:49	2ec55095-7204-4d61-86dc-bbdc1b2511f9	GET	http://localhost:3000	/logout
2022-10-12	10:28:25	4787771f-8762-44ec-baa8-fa9ba9857c8a	OPTIONS	http://localhost:3000	/signup
2022-10-12	10:28:25	ef00737b-33f5-480c-b9ae-85fdf5608f74	POST	http://localhost:3000	/signup
2022-10-12	10:28:54	72d8a645-be0e-4257-9657-aff0319707dc	OPTIONS	http://localhost:3000	/signup
2022-10-12	10:28:54	ff84703c-0307-4567-b4dc-2a033a3ccaee	POST	http://localhost:3000	/signup
2022-10-12	10:29:24	f3a2375e-c9de-464a-88fa-9b56935e300b	OPTIONS	http://localhost:3000	/signup
2022-10-12	10:29:24	18429f22-651b-47a5-beaf-440801228c02	POST	http://localhost:3000	/signup
2022-10-12	10:29:37	b410f188-0772-43ea-88db-d2bfe61f8bb1	OPTIONS	http://localhost:3000	/login
2022-10-12	10:29:37	f091a168-b397-48a9-8302-eff3ddf4037b	POST	http://localhost:3000	/login
2022-10-12	10:29:38	bd635b3f-e307-4b6e-aba8-d1066748438b	OPTIONS	http://localhost:3000	/users/634688f48839dfe9518305d0/todos
2022-10-12	10:29:38	0fac36c4-91d8-45a5-a73a-8dbf89e23346	OPTIONS	http://localhost:3000	/refresh
2022-10-12	10:29:38	52e8af96-ca4c-499a-abfe-37e761d5a712	GET	http://localhost:3000	/users/634688f48839dfe9518305d0/todos
2022-10-12	10:29:38	5fe59800-a183-4196-bdc2-872250c0e39a	GET	http://localhost:3000	/refresh
2022-10-12	10:29:42	a760ed51-70a9-4d9b-a038-3a5e71c2fd46	GET	http://localhost:3000	/refresh
2022-10-12	10:30:03	39fbe09c-fe3d-4d37-8565-21f7f378931f	OPTIONS	http://localhost:3000	/login
2022-10-12	10:30:03	fd9cf68e-1f14-4bfe-8f58-db8079d14156	POST	http://localhost:3000	/login
2022-10-12	10:30:04	0213c18b-89ea-4429-bb57-00e8f127dcf3	OPTIONS	http://localhost:3000	/users/634682c87b6b5a1bb8aeb3d4/todos
2022-10-12	10:30:04	652a1855-60d4-4d6f-b93f-d148b82d7cfc	GET	http://localhost:3000	/users/634682c87b6b5a1bb8aeb3d4/todos
2022-10-12	10:30:08	d3e1ca91-6d64-43a6-a109-fcdc56eaa678	GET	http://localhost:3000	/refresh
2022-10-12	10:30:08	1b30fe26-b121-4571-98eb-b7987330ed78	GET	http://localhost:3000	/users/634682c87b6b5a1bb8aeb3d4/todos
2022-10-12	10:35:42	3232f243-26e2-4828-96e0-02e4170f3d8a	GET	http://localhost:3000	/refresh
2022-10-12	10:35:42	77783305-4d2c-47c9-ae97-cc235939d6f7	OPTIONS	http://localhost:3000	/users/634682c87b6b5a1bb8aeb3d4/todos
2022-10-12	10:35:43	21468c0b-a7fc-4d56-b3cb-9c77bf2748b7	GET	http://localhost:3000	/users/634682c87b6b5a1bb8aeb3d4/todos
2022-10-12	10:36:34	f27fb922-251d-4e9d-a2d9-467c228e90c4	GET	http://localhost:3000	/refresh
2022-10-12	10:36:34	6c27b37d-df65-4868-b3a5-cfe592e8024f	OPTIONS	http://localhost:3000	/users/634682c87b6b5a1bb8aeb3d4/todos
2022-10-12	10:36:34	5b1f72d0-f20e-4206-9959-288f9fc85fe7	GET	http://localhost:3000	/users/634682c87b6b5a1bb8aeb3d4/todos
2022-10-12	10:38:07	4cb4d28b-760f-43bf-bcc2-491528a18205	GET	http://localhost:3000	/refresh
2022-10-12	10:38:07	3a3d9809-7fb6-4b29-ba42-3d09beae4b2d	OPTIONS	http://localhost:3000	/users/634682c87b6b5a1bb8aeb3d4/todos
2022-10-12	10:38:07	1a8706ed-d9a9-45f8-b758-5099efe4a62e	GET	http://localhost:3000	/users/634682c87b6b5a1bb8aeb3d4/todos
2022-10-12	10:39:51	bb790f83-83b7-4d79-9d44-9f8de44f9eda	GET	http://localhost:3000	/refresh
2022-10-12	10:39:51	bbcf8a5e-f00d-4bf6-83bb-79d2994a6a4e	OPTIONS	http://localhost:3000	/users/634682c87b6b5a1bb8aeb3d4/todos
2022-10-12	10:39:51	e82f5b41-7bef-4470-94e1-44552d0c4630	GET	http://localhost:3000	/users/634682c87b6b5a1bb8aeb3d4/todos
2022-10-12	10:40:32	78902740-39ac-4ee4-9409-a4df3797ee36	GET	http://localhost:3000	/refresh
2022-10-12	10:40:33	ea461f35-6483-4261-adcc-46f9ace57b98	OPTIONS	http://localhost:3000	/users/634682c87b6b5a1bb8aeb3d4/todos
2022-10-12	10:40:33	1de937fa-e69c-40ce-9134-dc47f00c0c87	GET	http://localhost:3000	/users/634682c87b6b5a1bb8aeb3d4/todos
2022-10-12	10:41:26	57aecdee-2395-43d1-876c-5b618778b07c	GET	http://localhost:3000	/refresh
2022-10-12	10:41:27	67204248-0b79-44b5-9864-6cf638bace0f	OPTIONS	http://localhost:3000	/users/634682c87b6b5a1bb8aeb3d4/todos
2022-10-12	10:41:27	65daef39-6ce6-4ad7-843e-293a790bff3d	GET	http://localhost:3000	/users/634682c87b6b5a1bb8aeb3d4/todos
2022-10-12	10:41:46	8cded833-2a59-4538-80ab-7dcaa54fca1f	OPTIONS	http://localhost:3000	/users/634682c87b6b5a1bb8aeb3d4/todos
2022-10-12	10:41:46	017f124f-c9de-44c6-9a7a-2882540b747d	POST	http://localhost:3000	/users/634682c87b6b5a1bb8aeb3d4/todos
2022-10-12	10:41:47	546ce740-3e05-4a9d-888c-8c696a30e0d2	GET	http://localhost:3000	/users/634682c87b6b5a1bb8aeb3d4/todos
2022-10-12	10:44:07	17e90502-a890-4e77-8beb-c91b5a872a0a	OPTIONS	http://localhost:3000	/users/634682c87b6b5a1bb8aeb3d4/todos
2022-10-12	10:44:07	83ffc81f-2503-42ad-a532-a283bdeda483	POST	http://localhost:3000	/users/634682c87b6b5a1bb8aeb3d4/todos
2022-10-12	10:44:08	20ac58ff-040b-4004-821d-5c46312c316e	GET	http://localhost:3000	/users/634682c87b6b5a1bb8aeb3d4/todos
2022-10-12	10:44:48	cd48270f-ce10-4c52-82fe-9d8f19c9aaa1	GET	http://localhost:3000	/refresh
2022-10-12	10:44:48	04c1f328-7f1b-45ac-b38a-db515b2c95df	OPTIONS	http://localhost:3000	/users/634682c87b6b5a1bb8aeb3d4/todos
2022-10-12	10:44:48	4aa0c135-4d1e-4a94-ba5f-4132f5f1e2f5	GET	http://localhost:3000	/users/634682c87b6b5a1bb8aeb3d4/todos
2022-10-12	10:45:59	21d8e9f7-e01e-4401-a100-924de4f2d72b	GET	http://localhost:3000	/refresh
2022-10-12	10:45:59	94baae29-6f9c-4ec8-ac4f-61c0944b8cfa	OPTIONS	http://localhost:3000	/users/634682c87b6b5a1bb8aeb3d4/todos
2022-10-12	10:45:59	edd8c084-84ac-449a-82a6-d8e06ef128e6	GET	http://localhost:3000	/users/634682c87b6b5a1bb8aeb3d4/todos
2022-10-12	10:52:57	89b971c6-6757-4cb0-bf80-ec13a2b82336	GET	http://localhost:3000	/refresh
2022-10-12	10:52:58	c37f3225-5617-42b4-94a5-24aa0020457b	OPTIONS	http://localhost:3000	/users/634682c87b6b5a1bb8aeb3d4/todos
2022-10-12	10:52:58	1b7b6aee-8b63-4c12-a69b-e79f363adb4f	GET	http://localhost:3000	/users/634682c87b6b5a1bb8aeb3d4/todos
2022-10-12	10:53:33	92022583-d5e3-4220-8824-2b956dcc7a07	GET	http://localhost:3000	/refresh
2022-10-12	10:53:34	f6ef4ec5-922f-468b-9e29-d1986809aa5b	OPTIONS	http://localhost:3000	/users/634682c87b6b5a1bb8aeb3d4/todos
2022-10-12	10:53:34	009cdd80-81b1-45ea-ab59-b29695302e02	GET	http://localhost:3000	/users/634682c87b6b5a1bb8aeb3d4/todos
2022-10-12	10:54:25	6b09932f-ab9b-41bf-95ac-1ff490c3216d	GET	http://localhost:3000	/refresh
2022-10-12	10:54:26	bd64af9e-54b4-4980-955b-b218d95c5ad5	OPTIONS	http://localhost:3000	/users/634682c87b6b5a1bb8aeb3d4/todos
2022-10-12	10:54:26	d57c4a29-b8c3-40ee-9aae-c7ea3c41a031	GET	http://localhost:3000	/users/634682c87b6b5a1bb8aeb3d4/todos
2022-10-12	10:56:20	f0219b92-c7c6-4191-9a26-b4f3f5336fd8	GET	http://localhost:3000	/refresh
2022-10-12	10:56:21	442ad759-9c02-4ab1-8b54-5d2c6ab9b12a	OPTIONS	http://localhost:3000	/users/634682c87b6b5a1bb8aeb3d4/todos
2022-10-12	10:56:21	36fc0cea-cc84-4e5a-b7fb-3f5cd1c87043	GET	http://localhost:3000	/users/634682c87b6b5a1bb8aeb3d4/todos
2022-10-12	11:04:42	f788b28a-2d95-4ea1-8f16-406d592a7b48	GET	http://localhost:3000	/refresh
2022-10-12	11:06:01	4c3123bc-c151-49cd-ae38-35067a712f14	GET	http://localhost:3000	/refresh
2022-10-12	11:06:02	fcf91f44-bb8f-404a-8e03-a8e7bb9bbe04	OPTIONS	http://localhost:3000	/users/634682c87b6b5a1bb8aeb3d4/todos
2022-10-12	11:06:02	a6d6e154-6ace-4762-8bb0-46d4eb69646a	GET	http://localhost:3000	/users/634682c87b6b5a1bb8aeb3d4/todos
2022-10-12	11:07:16	33431644-3e50-49fa-9221-edec051b6c69	GET	http://localhost:3000	/refresh
2022-10-12	11:07:17	ac2b2d6b-6763-4d68-8d65-c6a8e365e990	OPTIONS	http://localhost:3000	/users/634682c87b6b5a1bb8aeb3d4/todos
2022-10-12	11:07:17	74efaff5-1761-4460-b2b1-6995f7327957	GET	http://localhost:3000	/users/634682c87b6b5a1bb8aeb3d4/todos
2022-10-12	11:11:33	00beea02-d364-4473-a8cd-3e7c7f9f031f	GET	http://localhost:3000	/refresh
2022-10-12	11:11:34	fc411e09-28ba-42b1-9e50-5f81e9c4a0e0	OPTIONS	http://localhost:3000	/users/634682c87b6b5a1bb8aeb3d4/todos
2022-10-12	11:11:34	96f49b47-18b8-4151-894c-840f5a0198aa	GET	http://localhost:3000	/users/634682c87b6b5a1bb8aeb3d4/todos
2022-10-12	11:12:56	7055a127-9ab6-42ae-945e-099237421add	OPTIONS	http://localhost:3000	/users/634682c87b6b5a1bb8aeb3d4/todos
2022-10-12	11:12:56	fe171efa-3f3d-445c-9d79-540696a55c10	POST	http://localhost:3000	/users/634682c87b6b5a1bb8aeb3d4/todos
2022-10-12	11:12:57	ca79a514-bedd-4ef1-99e9-a850e6c19955	GET	http://localhost:3000	/users/634682c87b6b5a1bb8aeb3d4/todos
2022-10-12	11:30:49	b552eb3f-8bd4-4c16-bc0c-ebd3c1ed0fd4	GET	http://localhost:3000	/refresh
2022-10-12	11:33:41	13b92678-2a63-4384-bab2-a3cdc55ed1a8	OPTIONS	http://localhost:3000	/refresh
2022-10-12	11:33:41	d18aa964-129c-4f91-94f6-49ddd3e882c3	GET	http://localhost:3000	/refresh
2022-10-12	11:33:44	a519dd92-a953-4f52-ac5b-90130433d54d	GET	http://localhost:3000	/refresh
2022-10-12	11:34:39	1a56fc5e-434c-410a-bd7a-b2af0580ef93	GET	http://localhost:3000	/refresh
2022-10-12	11:35:23	d14ddb02-35c2-43c0-913d-e2946c8200ab	GET	http://localhost:3000	/refresh
2022-10-12	11:35:24	55ff8d67-dc72-4c61-a8ec-81ef9ec3d931	OPTIONS	http://localhost:3000	/users/634682c87b6b5a1bb8aeb3d4/todos
2022-10-12	11:35:24	2bcbeb22-96d4-4370-8abb-97bf09008387	GET	http://localhost:3000	/users/634682c87b6b5a1bb8aeb3d4/todos
2022-10-12	11:36:46	0d9d386a-d212-4ec4-98fb-9771708e514d	GET	http://localhost:3000	/refresh
2022-10-12	11:37:03	2c98ae7d-58db-42c6-9096-da0c601f1002	OPTIONS	http://localhost:3000	/users/634682c87b6b5a1bb8aeb3d4/todos
2022-10-12	11:37:04	2d5362f8-a859-4150-b532-d5d1f56b6fed	GET	http://localhost:3000	/users/634682c87b6b5a1bb8aeb3d4/todos
2022-10-12	11:38:52	8c6e61ab-8eb4-4ed4-853e-735da071a475	GET	http://localhost:3000	/refresh
2022-10-12	11:40:00	f8ada9a4-1d21-4eb4-9703-c0360d4bb17a	OPTIONS	http://localhost:3000	/refresh
2022-10-12	11:40:00	6e5a3e07-1369-42b7-a877-382924c55372	GET	http://localhost:3000	/refresh
2022-10-12	11:41:14	b60c00f8-9dbe-485e-8713-bcf06659f333	GET	http://localhost:3000	/refresh
2022-10-12	11:41:50	9ea6bee3-2e52-4146-b3dc-0fe55fdc3248	GET	http://localhost:3000	/refresh
2022-10-12	11:45:45	142033ee-5c58-461c-9cf1-885aaa30f07c	OPTIONS	http://localhost:3000	/refresh
2022-10-12	11:45:45	639d1bc6-1a89-48f9-8777-022563bceaad	GET	http://localhost:3000	/refresh
2022-10-12	11:48:19	b6b40ae3-ab8b-4f3b-bad6-774192262d94	GET	http://localhost:3000	/refresh
2022-10-12	11:53:54	84eefd14-816a-4a77-bd80-438dfeebca3c	GET	http://localhost:3000	/refresh
2022-10-12	11:54:49	854518df-7883-4b5e-a876-6ac5477f541f	OPTIONS	http://localhost:3000	/users/634682c87b6b5a1bb8aeb3d4/todos
2022-10-12	11:54:50	5f9960b4-0fe0-4ef4-8a49-3218d46014cd	GET	http://localhost:3000	/users/634682c87b6b5a1bb8aeb3d4/todos
2022-10-12	11:55:22	74e33d30-a59a-4600-9fe4-633a211ef43f	GET	http://localhost:3000	/refresh
2022-10-12	11:55:23	a301dbe6-c382-4880-9e51-b0971e83ac64	OPTIONS	http://localhost:3000	/users/634682c87b6b5a1bb8aeb3d4/todos
2022-10-12	11:55:23	7be19207-aabf-41e3-8eb3-f2df257cf42f	GET	http://localhost:3000	/users/634682c87b6b5a1bb8aeb3d4/todos
2022-10-12	11:58:35	9740457c-8ae5-4a59-a600-8a3b1021fe51	GET	http://localhost:3000	/refresh
2022-10-12	11:58:35	3d1e1218-09ea-4346-9646-2edb6b365adc	OPTIONS	http://localhost:3000	/users/634682c87b6b5a1bb8aeb3d4/todos
2022-10-12	11:58:36	d859c6d6-3626-4920-a755-230ad47136bb	GET	http://localhost:3000	/users/634682c87b6b5a1bb8aeb3d4/todos
2022-10-12	11:59:59	8073e5d6-06cd-4d26-b9d0-b180cbbbfcce	GET	http://localhost:3000	/refresh
2022-10-12	12:00:00	9bbc4a20-a5c7-4d34-a612-18b683682592	OPTIONS	http://localhost:3000	/users/634682c87b6b5a1bb8aeb3d4/todos
2022-10-12	12:00:00	f09865d0-a2e1-42cd-b904-c438b45eb279	GET	http://localhost:3000	/users/634682c87b6b5a1bb8aeb3d4/todos
2022-10-12	12:01:17	8f22abbb-83aa-46e1-9803-835842162e4e	GET	http://localhost:3000	/refresh
2022-10-12	12:01:18	290cec61-0f29-47a2-b3bf-ce5113f775f5	OPTIONS	http://localhost:3000	/users/634682c87b6b5a1bb8aeb3d4/todos
2022-10-12	12:01:19	9cc18e66-3272-4f8b-9a5f-6ffc630789b9	GET	http://localhost:3000	/users/634682c87b6b5a1bb8aeb3d4/todos
2022-10-12	12:04:26	dc416837-26c6-49ed-b0aa-8c71c0802776	GET	http://localhost:3000	/refresh
2022-10-12	12:04:28	235c3785-704e-4dde-9881-34887b499557	OPTIONS	http://localhost:3000	/users/634682c87b6b5a1bb8aeb3d4/todos
2022-10-12	12:04:28	515a172d-61d6-4b30-b71b-114da0a6e191	GET	http://localhost:3000	/users/634682c87b6b5a1bb8aeb3d4/todos
2022-10-12	12:05:21	ff2c092c-2d51-4df2-836a-e3eeca398618	GET	http://localhost:3000	/refresh
2022-10-12	12:05:23	a1f70ecf-5f55-4868-a5ad-cff5420d7544	OPTIONS	http://localhost:3000	/users/634682c87b6b5a1bb8aeb3d4/todos
2022-10-12	12:05:23	85223a46-6097-42c4-9706-e77985599ba3	GET	http://localhost:3000	/users/634682c87b6b5a1bb8aeb3d4/todos
2022-10-12	14:00:07	d6c8ae75-9516-4208-8ef9-8f312a597e0a	GET	http://localhost:3000	/refresh
2022-10-12	14:00:08	3cb0b78f-2798-4215-9326-7f7ddac285b7	OPTIONS	http://localhost:3000	/users/634682c87b6b5a1bb8aeb3d4/todos
2022-10-12	14:00:08	f2397de4-2a6b-46e3-978c-8d4d6bd74b46	GET	http://localhost:3000	/users/634682c87b6b5a1bb8aeb3d4/todos
2022-10-12	14:04:01	593f523a-cbea-466a-bce4-635c5c11a3ae	OPTIONS	http://localhost:3000	/logout
2022-10-12	14:04:01	47121343-716c-479c-a236-ffc65e7d572a	GET	http://localhost:3000	/logout
2022-10-12	14:04:24	14b69667-54a8-4df0-b389-911ad1b9dd3e	OPTIONS	http://localhost:3000	/login
2022-10-12	14:04:24	3c300276-a6ec-4c2a-95c7-7f8cc9544a0e	POST	http://localhost:3000	/login
2022-10-12	14:26:35	1bde20ea-5fe7-475a-bf26-c2f77d8bac04	GET	http://localhost:3000	/refresh
2022-10-12	14:26:36	f5d07e8c-6b96-4573-92fb-df34115c5abe	OPTIONS	http://localhost:3000	/users/634682c87b6b5a1bb8aeb3d4/todos
2022-10-12	14:26:36	0a00c28c-a087-4cc2-8c6b-95de8943533d	GET	http://localhost:3000	/users/634682c87b6b5a1bb8aeb3d4/todos
2022-10-12	14:35:20	15684c04-2aa9-453b-b76c-6e3d4b668dc5	GET	http://localhost:3000	/refresh
2022-10-12	14:35:20	1d2e4181-7604-4dce-8193-a53f3d4a36bd	OPTIONS	http://localhost:3000	/users/634682c87b6b5a1bb8aeb3d4/todos
2022-10-12	14:35:20	579f8837-9c65-4a76-a187-cb798ceb59f8	GET	http://localhost:3000	/users/634682c87b6b5a1bb8aeb3d4/todos
2022-10-12	14:54:15	436a62f9-32ef-48cb-9369-e599605941ba	GET	http://localhost:3000	/refresh
2022-10-12	14:54:16	3c493c5c-1030-4beb-8dca-2e2fc12fcbc4	OPTIONS	http://localhost:3000	/users/634682c87b6b5a1bb8aeb3d4/todos
2022-10-12	14:54:16	30804c51-170f-4e98-b518-17290310680f	GET	http://localhost:3000	/users/634682c87b6b5a1bb8aeb3d4/todos
2022-10-12	14:54:50	53c91013-4e55-443d-97e2-5c78f0af4a2e	OPTIONS	http://localhost:3000	/logout
2022-10-12	14:54:50	3c9c87f4-9bad-4608-86b5-5401a94ef829	GET	http://localhost:3000	/logout
2022-10-12	14:55:19	f490a43b-8020-449b-9666-b5b2692092ec	OPTIONS	http://localhost:3000	/login
2022-10-12	14:55:19	a320e5c8-8a22-4ac6-907c-81cca2d8f7ca	POST	http://localhost:3000	/login
2022-10-12	14:55:20	34b5a9b8-a8bb-403b-9a39-cd2810693c0f	OPTIONS	http://localhost:3000	/refresh
2022-10-12	14:55:20	4062bc28-2a7a-4c47-a953-7d3673e4797b	GET	http://localhost:3000	/refresh
2022-10-12	14:55:21	873031c4-ff2d-4b4c-b7d8-e069bd94f260	OPTIONS	http://localhost:3000	/users/634682c87b6b5a1bb8aeb3d4/todos
2022-10-12	14:55:21	0579b5ae-8dfc-4cad-9a91-7f09169195c7	GET	http://localhost:3000	/users/634682c87b6b5a1bb8aeb3d4/todos
2022-10-12	14:56:50	148923fa-e420-4c9d-89a2-4ef4c8e01574	GET	http://localhost:3000	/refresh
2022-10-12	14:56:51	de247817-4e73-48a8-a8b9-26d29da15573	OPTIONS	http://localhost:3000	/users/634682c87b6b5a1bb8aeb3d4/todos
2022-10-12	14:56:51	1375f3c9-6bfc-43cf-8596-4d81274787c8	GET	http://localhost:3000	/users/634682c87b6b5a1bb8aeb3d4/todos
2022-10-12	14:58:10	6663e530-7d3b-49c8-b72a-9001d097a57e	GET	http://localhost:3000	/refresh
2022-10-12	14:58:11	d28612bb-5b8d-44a3-85a9-99814243c8fd	OPTIONS	http://localhost:3000	/users/634682c87b6b5a1bb8aeb3d4/todos
2022-10-12	14:58:11	8a47f9ee-690e-4013-a702-aa85702e01b4	GET	http://localhost:3000	/users/634682c87b6b5a1bb8aeb3d4/todos
2022-10-12	15:03:13	68b71bf7-dddb-4c8a-9c89-358d59bd83bd	GET	http://localhost:3000	/refresh
2022-10-12	15:03:14	1ccde253-2581-4a4b-9df1-fb911eb435f6	OPTIONS	http://localhost:3000	/users/634682c87b6b5a1bb8aeb3d4/todos
2022-10-12	15:03:14	b82cf635-cd58-462b-bece-8b9d66e29e06	GET	http://localhost:3000	/users/634682c87b6b5a1bb8aeb3d4/todos
2022-10-12	15:03:52	e1a543f4-3721-4be4-ac13-aa9f31907b91	GET	http://localhost:3000	/refresh
2022-10-12	15:03:53	74154158-b796-483b-954e-6648717164e6	OPTIONS	http://localhost:3000	/users/634682c87b6b5a1bb8aeb3d4/todos
2022-10-12	15:03:53	4520062b-1597-4c6c-98c5-d7574941356b	GET	http://localhost:3000	/users/634682c87b6b5a1bb8aeb3d4/todos
2022-10-12	15:06:35	ceb57cc8-3687-461e-85da-cd781485a897	GET	http://localhost:3000	/refresh
2022-10-12	15:06:36	437b41ce-0d4f-4951-b8db-f03b899533f7	OPTIONS	http://localhost:3000	/users/634682c87b6b5a1bb8aeb3d4/todos
2022-10-12	15:06:36	2af207d4-3651-4950-adb4-f63e14ac2778	GET	http://localhost:3000	/users/634682c87b6b5a1bb8aeb3d4/todos
2022-10-12	15:08:00	5347c295-8add-4dbf-aa1f-4630a3232855	GET	http://localhost:3000	/refresh
2022-10-12	15:08:27	22ad3921-8cf4-4a05-8e6b-73c76a58e5cf	OPTIONS	http://localhost:3000	/users/634682c87b6b5a1bb8aeb3d4/todos
2022-10-12	15:08:27	29b60c3e-dc4b-49ab-9b81-babcf7bac441	GET	http://localhost:3000	/users/634682c87b6b5a1bb8aeb3d4/todos
2022-10-12	15:08:35	b06dce2d-7bdb-4d66-af0d-57ce1f9f1ac0	GET	http://localhost:3000	/refresh
2022-10-12	15:08:36	d4ee0946-6f04-4545-bc53-bbc07e068766	OPTIONS	http://localhost:3000	/users/634682c87b6b5a1bb8aeb3d4/todos
2022-10-12	15:08:36	7e42b69c-267b-4627-b6f8-5c12eabf761e	GET	http://localhost:3000	/users/634682c87b6b5a1bb8aeb3d4/todos
2022-10-12	15:09:08	a8a41e8f-c936-416f-9f94-e592981d0699	GET	http://localhost:3000	/refresh
2022-10-12	15:09:09	05988edb-225b-4daf-bef1-4d3b49ec9939	OPTIONS	http://localhost:3000	/users/634682c87b6b5a1bb8aeb3d4/todos
2022-10-12	15:09:09	1752ac36-0feb-45f2-8244-9a028bd47ee0	GET	http://localhost:3000	/users/634682c87b6b5a1bb8aeb3d4/todos
2022-10-12	15:18:49	1b996783-6a11-496d-a199-c8fc951ecf9a	GET	http://localhost:3000	/refresh
2022-10-12	15:18:50	856223ae-276a-4abf-b6be-d6b4d0ae33fb	OPTIONS	http://localhost:3000	/users/634682c87b6b5a1bb8aeb3d4/todos
2022-10-12	15:18:50	4634c030-275e-494c-aa19-3c8fda388a27	GET	http://localhost:3000	/users/634682c87b6b5a1bb8aeb3d4/todos
2022-10-12	15:20:15	b662cb11-380b-43f8-bbce-925fafcdb4ac	GET	http://localhost:3000	/refresh
2022-10-12	15:20:15	3673b4ea-5f45-4de2-a941-7666f522cdbc	OPTIONS	http://localhost:3000	/users/634682c87b6b5a1bb8aeb3d4/todos
2022-10-12	15:20:15	1cae79bb-6b07-4c11-98e7-396658d9a2c7	GET	http://localhost:3000	/users/634682c87b6b5a1bb8aeb3d4/todos
2022-10-12	15:20:52	2e29ebd8-1c00-42d5-af56-8eb63b7ce873	GET	http://localhost:3000	/refresh
2022-10-12	15:20:53	35f5c6df-d99a-4126-a3ff-35bc5eaa0163	OPTIONS	http://localhost:3000	/users/634682c87b6b5a1bb8aeb3d4/todos
2022-10-12	15:20:53	a6d82321-7956-4e7e-af6b-2ba35b309656	GET	http://localhost:3000	/users/634682c87b6b5a1bb8aeb3d4/todos
2022-10-12	15:23:00	78b51501-9377-4674-a769-2c830b5fb5eb	GET	http://localhost:3000	/refresh
2022-10-12	15:23:01	e9233ea7-d8cb-4b84-8f1c-b58b7787bd62	OPTIONS	http://localhost:3000	/users/634682c87b6b5a1bb8aeb3d4/todos
2022-10-12	15:23:01	4f08c9c6-7c2c-460c-a05f-7cacd048f7c1	GET	http://localhost:3000	/users/634682c87b6b5a1bb8aeb3d4/todos
2022-10-12	15:23:42	21377a2a-2365-4852-9f3d-506e49a69c24	OPTIONS	http://localhost:3000	/logout
2022-10-12	15:23:42	d9f8cee6-0f14-436a-a1e3-e513df5b7c98	GET	http://localhost:3000	/logout
2022-10-12	15:23:51	c02bccc1-0a14-4d7a-a11d-f2be44a1d938	OPTIONS	http://localhost:3000	/login
2022-10-12	15:23:51	300f7477-c9df-4059-9b0f-e16617974460	POST	http://localhost:3000	/login
2022-10-12	15:27:38	856b5e6b-eed1-4c5b-abe6-94530f21582a	GET	http://localhost:3000	/refresh
2022-10-12	15:27:39	5e616ca4-7f36-488e-a405-8cd35f897fdc	OPTIONS	http://localhost:3000	/users/634682c87b6b5a1bb8aeb3d4/todos
2022-10-12	15:27:39	84b24efd-021e-443e-9dff-c0a2c3c3754a	GET	http://localhost:3000	/users/634682c87b6b5a1bb8aeb3d4/todos
2022-10-12	15:30:46	08ee9bfd-1246-4975-8d89-30bf26b3cd4e	OPTIONS	http://localhost:3000	/users/undefined/todos
2022-10-12	15:30:46	4ee31981-6013-4614-ae90-797a830add40	GET	http://localhost:3000	/users/undefined/todos
2022-10-12	15:31:33	5ac65f7c-91e1-4cc7-9b36-e4981a32df64	GET	http://localhost:3000	/refresh
2022-10-12	15:31:33	e080d36e-197c-48d2-92aa-b2cbecddfc0f	OPTIONS	http://localhost:3000	/todos
2022-10-12	15:31:33	02afc3d4-570b-423f-a368-739168e96262	GET	http://localhost:3000	/todos
2022-10-12	15:34:41	9f7006bb-eea7-470d-98f9-1bac6561293d	GET	http://localhost:3000	/refresh
2022-10-12	15:34:42	4273be11-4468-4666-a808-04a81e10cd42	OPTIONS	http://localhost:3000	/todos
2022-10-12	15:34:42	f94d592e-ddf0-43ed-9699-11ce5dee12b5	GET	http://localhost:3000	/todos
2022-10-12	15:35:36	4b6d95fc-dce4-4039-aba3-a87b668ed079	GET	http://localhost:3000	/refresh
2022-10-12	15:35:36	52cf46c1-35bb-4bea-9e4c-abbe27abe534	OPTIONS	http://localhost:3000	/todos
2022-10-12	15:35:36	86a3d63c-1b79-4998-bf86-14b942b6f855	GET	http://localhost:3000	/todos
2022-10-12	15:36:22	1ba4f5a0-4e93-4f22-82d0-006d4828b844	GET	http://localhost:3000	/refresh
2022-10-12	15:36:22	c134fe85-a6fc-4526-9784-e1e9d1734885	OPTIONS	http://localhost:3000	/todos
2022-10-12	15:36:22	b79022f9-204e-4d68-913b-47394a1deaee	GET	http://localhost:3000	/todos
2022-10-12	15:37:05	2cd42f00-027c-4d04-92f9-9ed0bbfee19b	GET	http://localhost:3000	/refresh
2022-10-12	15:37:05	7a4d425d-d4d7-4b88-b3e2-cd31fe437317	OPTIONS	http://localhost:3000	/todos
2022-10-12	15:37:06	4e2f579c-2d23-4613-a492-1cfb95bf1c55	GET	http://localhost:3000	/todos
2022-10-12	15:39:56	c5d465eb-cb6c-45e1-9703-503532b82638	GET	http://localhost:3000	/refresh
2022-10-12	15:39:56	975305ef-e2f9-46ea-aa6b-7ed5f33637fc	OPTIONS	http://localhost:3000	/todos
2022-10-12	15:39:56	2fe82c1d-6644-4ccb-9876-c18043d87720	GET	http://localhost:3000	/todos
2022-10-12	15:40:07	cca0813f-fe2d-4c9f-8d6d-03e0be0e9906	GET	http://localhost:3000	/refresh
2022-10-12	15:40:08	62a62d61-5d1e-4ba2-a335-6aa757d60c5c	OPTIONS	http://localhost:3000	/todos
2022-10-12	15:40:08	b64f6411-f00f-4dee-8d42-eff3b0976019	GET	http://localhost:3000	/todos
2022-10-12	15:41:20	8b9a3409-8e10-4000-ac02-36ab4b86f133	GET	http://localhost:3000	/refresh
2022-10-12	15:41:21	36aece04-bbf9-443c-829a-25c2ccc6d705	OPTIONS	http://localhost:3000	/todos
2022-10-12	15:41:21	d7b84f1e-1f07-46f0-a546-ccd182100c2f	GET	http://localhost:3000	/todos
2022-10-12	15:42:32	2681b1df-05e1-4163-8bc1-f70c65840ee7	GET	http://localhost:3000	/refresh
2022-10-12	15:42:33	4f20e77d-21dc-418d-b92e-a1767bf0cf5e	OPTIONS	http://localhost:3000	/todos
2022-10-12	15:42:33	d030aa8b-eb5f-4b0a-a662-4e05c778d3ad	GET	http://localhost:3000	/todos
2022-10-12	15:47:47	195e464e-bc57-473d-86e3-5f0869ad0273	GET	http://localhost:3000	/refresh
2022-10-12	15:47:47	9c24b814-1788-41ef-b3da-76ca31ba7803	OPTIONS	http://localhost:3000	/todos
2022-10-12	15:47:47	80cf8b63-c6c6-4e4c-80dc-8f5054d01623	GET	http://localhost:3000	/todos
2022-10-12	15:56:15	d68238c1-17db-4f5f-b1f3-b9a48e020616	GET	http://localhost:3000	/refresh
2022-10-12	15:56:15	edc5d8f7-f2ce-49b0-ab0d-25c90994607d	OPTIONS	http://localhost:3000	/todos
2022-10-12	15:56:15	a603394f-d6a4-420e-8ae7-079528eff171	GET	http://localhost:3000	/todos
2022-10-12	15:58:34	57accc68-9f02-407d-9da4-1202416e13e0	GET	http://localhost:3000	/refresh
2022-10-12	15:58:35	167658ce-9835-48e3-a2e4-b2f9fb09513d	OPTIONS	http://localhost:3000	/todos
2022-10-12	15:58:35	54013d66-4335-4e20-ab50-4bdf6a5d7e42	GET	http://localhost:3000	/todos
2022-10-12	16:08:14	6117ed24-b182-490f-9c45-aeeb468af1eb	GET	http://localhost:3000	/refresh
2022-10-12	16:08:15	f121096f-d437-4414-9e26-e033b9295681	OPTIONS	http://localhost:3000	/todos
2022-10-12	16:08:15	a85eed02-70dd-422d-939e-7758253ba88f	GET	http://localhost:3000	/todos
2022-10-12	16:14:23	58dfd23c-203e-4faa-bc14-e3f4cc820e1e	GET	http://localhost:3000	/refresh
2022-10-12	16:14:23	dd31d343-aa8c-41a4-a4b1-20a256ca49d2	OPTIONS	http://localhost:3000	/todos
2022-10-12	16:14:24	a38469c9-3e1d-4836-8212-e56423b8f029	GET	http://localhost:3000	/todos
2022-10-12	16:14:31	05910243-651b-4d0a-a44a-0bd1ea931821	GET	http://localhost:3000	/refresh
2022-10-12	16:14:32	8e76ac85-d5fa-404b-8e69-ce9fa07fb974	OPTIONS	http://localhost:3000	/todos
2022-10-12	16:14:32	af577dfc-5756-42a9-934c-1dac68bc1955	GET	http://localhost:3000	/todos
2022-10-12	16:28:13	25e9cf95-1f11-4815-ba28-8aa38cc40e78	GET	http://localhost:3000	/refresh
2022-10-12	16:28:14	2d1835ac-2ff2-4cec-8618-ff064cf02fd3	OPTIONS	http://localhost:3000	/todos
2022-10-12	16:28:14	2cb0ea4b-2167-4008-9cbb-910d9d6a1b79	GET	http://localhost:3000	/todos
2022-10-12	16:28:30	06da6bcb-48f3-452e-b9b0-bc36846932a8	OPTIONS	http://localhost:3000	/todos
2022-10-12	16:28:30	2169ae01-135d-4c6e-88a8-1d8f23c727d3	POST	http://localhost:3000	/todos
2022-10-12	16:28:31	2198092d-00fd-4854-a34a-46cd6ca3f1ff	GET	http://localhost:3000	/todos
2022-10-12	16:31:55	0cfa1eef-5ee2-436e-8edd-4fac7fd16735	GET	http://localhost:3000	/refresh
2022-10-12	16:31:55	9869d51b-b5b4-40a1-8c33-799676e47d8f	OPTIONS	http://localhost:3000	/todos
2022-10-12	16:31:55	b002f341-3d56-4366-b915-f9f537711b40	GET	http://localhost:3000	/todos
2022-10-12	16:40:50	63164224-0771-42f2-9c9b-ce0da1d4ab0e	OPTIONS	http://localhost:3000	/todos
2022-10-12	16:40:50	9bf6e99b-738e-4e6b-811a-0c59df251811	POST	http://localhost:3000	/todos
2022-10-12	16:44:20	a4b8deaf-36f2-44d0-87b7-fbc7a5f5868a	OPTIONS	http://localhost:3000	/todos
2022-10-12	16:44:20	499d5bab-accf-4168-ae9e-238c758bff81	POST	http://localhost:3000	/todos
2022-10-12	16:49:49	56a069e0-e78b-4620-ae76-c5f71d7e67ee	OPTIONS	http://localhost:3000	/todos
2022-10-12	16:49:49	5482a08d-67c3-4b79-a986-59a7fee072dc	POST	http://localhost:3000	/todos
2022-10-12	16:50:25	24a2c6a7-a4fe-4a6e-84c7-104275d03c91	GET	http://localhost:3000	/refresh
2022-10-12	16:50:25	e1d93a23-ecb9-4e47-aa04-f1cf742b5dcc	OPTIONS	http://localhost:3000	/todos
2022-10-12	16:50:25	6b48df81-74c0-4430-9b9f-a049c9369129	GET	http://localhost:3000	/todos
2022-10-12	16:50:40	d4f6d6e1-7d0a-41b9-b377-dc22904179df	OPTIONS	http://localhost:3000	/todos
2022-10-12	16:50:40	7c5d4d99-bb42-4993-94d6-d3140d973ff8	POST	http://localhost:3000	/todos
2022-10-12	16:50:40	aaa606cc-74a5-4857-ad04-752a20606770	GET	http://localhost:3000	/todos
2022-10-12	16:52:40	f1002394-db5e-4505-9857-edc74d2e89df	OPTIONS	http://localhost:3000	/todos
2022-10-12	16:52:40	4ba7b7da-ffbc-458b-8916-d2e56013592b	POST	http://localhost:3000	/todos
2022-10-12	16:52:40	4d0b6de9-24a3-486a-a2fd-cba51f5fd946	GET	http://localhost:3000	/todos
2022-10-12	17:01:55	2820ba21-6803-47c3-a740-a27cb4efa6d1	GET	http://localhost:3000	/refresh
2022-10-12	17:01:56	cd995a25-7576-4b1e-b839-0402f747fa19	OPTIONS	http://localhost:3000	/todos
2022-10-12	17:01:56	87592764-eeb9-4756-9c03-fb2c6dfa625f	GET	http://localhost:3000	/todos
2022-10-12	17:04:24	9d71651e-74fc-47f8-af5e-40a60857006e	GET	http://localhost:3000	/refresh
2022-10-12	17:04:24	4dbcc404-0c4f-4ce8-aac4-f13c8e5282c1	OPTIONS	http://localhost:3000	/todos
2022-10-12	17:04:24	8a63a1e0-3b85-4072-bd0f-836646e335c4	GET	http://localhost:3000	/todos
2022-10-12	17:06:50	578d42e0-5fc0-4047-9ec7-d8b6575e3f1f	GET	http://localhost:3000	/refresh
2022-10-12	17:06:51	8e45b7fc-76f1-4125-b5b3-3c5691a9aae4	OPTIONS	http://localhost:3000	/todos
2022-10-12	17:06:51	52098ca0-88bc-4e0f-8f0f-c4d958086913	GET	http://localhost:3000	/todos
2022-10-12	17:07:17	4dc6c808-9f0f-45cd-9a00-fc309dd4d449	GET	http://localhost:3000	/refresh
2022-10-12	17:07:18	613f0880-a727-4239-bb27-abcb784ba8e3	OPTIONS	http://localhost:3000	/todos
2022-10-12	17:07:18	a893d207-5fef-4fa9-91de-e0b8377d41e4	GET	http://localhost:3000	/todos
2022-10-12	17:12:45	02861c6c-681b-4218-a4ff-97c0b7c6986f	GET	http://localhost:3000	/refresh
2022-10-12	17:12:45	4d59d76f-6a79-4d3c-93ff-a2e28d3454f3	OPTIONS	http://localhost:3000	/todos
2022-10-12	17:12:45	3efea91f-d31c-4dd8-8e7b-b2f1d0445662	GET	http://localhost:3000	/todos
2022-10-12	17:12:48	217df036-2f18-47f9-88e8-f40e9951f829	OPTIONS	http://localhost:3000	/todos/6346dd1ee1ac56f5fd73bc54
2022-10-12	17:12:48	037d9551-6163-4b30-a30e-2b80df9f56ce	DELETE	http://localhost:3000	/todos/6346dd1ee1ac56f5fd73bc54
2022-10-12	17:12:49	b5d33876-eb2e-4a07-ab87-a1f65c6fb8f6	GET	http://localhost:3000	/todos
2022-10-12	17:14:24	8249c846-7484-46a4-9414-6aa579dd5861	OPTIONS	http://localhost:3000	/refresh
2022-10-12	17:14:24	0380a73b-0710-45b1-9f84-064e7cb74d01	GET	http://localhost:3000	/refresh
2022-10-12	17:14:24	71fcb3d6-21e3-404d-8b48-f9faaf556d7c	OPTIONS	http://localhost:3000	/todos
2022-10-12	17:14:24	62cd1def-826e-4f69-8737-6e9aa70278fc	GET	http://localhost:3000	/todos
2022-10-12	17:14:26	ea60aca2-5fb3-4c96-9bb2-a9b838d5ed7b	GET	http://localhost:3000	/refresh
2022-10-12	17:14:27	730e6a7d-2e9d-4295-b3bb-3c137d6dc433	GET	http://localhost:3000	/todos
2022-10-12	17:14:29	9ff53f36-dad0-4c8d-bb23-aa6c9c210695	OPTIONS	http://localhost:3000	/todos/634693283d7ebaaec35f64e3
2022-10-12	17:14:29	9874ff27-ded0-41e6-b55c-255ad1d505f4	DELETE	http://localhost:3000	/todos/634693283d7ebaaec35f64e3
2022-10-12	17:14:29	d73cafad-083d-475f-a012-1611b9169d39	GET	http://localhost:3000	/todos
2022-10-12	17:15:52	d9a3226b-8e7d-4ed5-a300-4a0271fbe505	OPTIONS	http://localhost:3000	/refresh
2022-10-12	17:15:52	3078c3b3-97a0-4db7-9bc9-3528a7bed71d	GET	http://localhost:3000	/refresh
2022-10-12	17:15:52	8ced4789-99b7-4b0b-ad54-e3aed8aa8ee6	OPTIONS	http://localhost:3000	/todos
2022-10-12	17:15:52	7241ada6-56cb-4108-afdb-725411ec7122	GET	http://localhost:3000	/todos
2022-10-12	17:16:18	f094ec6d-ce33-41cb-a823-786ef689d6d5	GET	http://localhost:3000	/refresh
2022-10-12	17:16:19	9d68c9e1-04bf-4659-ac15-f955a89cb1da	OPTIONS	http://localhost:3000	/todos
2022-10-12	17:16:19	4873c902-7832-453f-a639-b184d177897d	GET	http://localhost:3000	/todos
2022-10-12	17:16:25	8c58133b-b8b9-47c0-9ea5-01c8724b94c8	OPTIONS	http://localhost:3000	/todos/63468c673d7ebaaec35f64a2
2022-10-12	17:16:25	0fbef10f-6b29-4627-98fc-107877ccd872	DELETE	http://localhost:3000	/todos/63468c673d7ebaaec35f64a2
2022-10-12	17:16:26	4e3d95ce-09d0-42df-a88d-2f11cab754b5	OPTIONS	http://localhost:3000	/todos
2022-10-12	17:16:26	38507dc0-247e-42ae-bfd7-7f48c1d60b99	GET	http://localhost:3000	/todos
2022-10-12	17:18:35	3dccf6cf-67ec-4ca4-9708-cecd4a8a8f39	OPTIONS	http://localhost:3000	/refresh
2022-10-12	17:18:35	177db487-da84-4f87-9d59-5605d8f95b18	GET	http://localhost:3000	/refresh
2022-10-12	17:18:35	b16fbc30-e540-4ab2-9774-2a1ef0f6269d	OPTIONS	http://localhost:3000	/todos
2022-10-12	17:18:35	8e24553b-137d-40c8-88fd-72cb6352b731	GET	http://localhost:3000	/todos
2022-10-12	17:19:23	16efe92f-2a6b-4839-a3ed-48a9e21df1ab	OPTIONS	http://localhost:3000	/todos/63468bda78707d10de19394e
2022-10-12	17:19:23	79a74ccb-ee73-49d0-ac51-e9810da92400	DELETE	http://localhost:3000	/todos/63468bda78707d10de19394e
2022-10-12	17:19:24	b8244e24-a120-4477-ad6e-8b70c4aa48d6	OPTIONS	http://localhost:3000	/todos
2022-10-12	17:19:24	de47ec0d-2882-4047-b97c-d591695e0e2e	GET	http://localhost:3000	/todos
2022-10-12	17:22:32	cf5e114b-1b22-4dc6-bd0d-3cd429730f85	OPTIONS	http://localhost:3000	/refresh
2022-10-12	17:22:32	be45bc76-7b18-45d2-af6a-1a696e2aa810	GET	http://localhost:3000	/refresh
2022-10-12	17:22:32	adcc5147-ae10-46ee-aeef-09270d807d3c	OPTIONS	http://localhost:3000	/todos
2022-10-12	17:22:32	32a0a7bd-956b-46ef-8564-cfff1f5671b3	GET	http://localhost:3000	/todos
2022-10-12	17:22:38	e87a5365-30e3-4100-ac47-c9b24e0bcd70	OPTIONS	http://localhost:3000	/todos/6346e250914a9d2cbcd5f354
2022-10-12	17:22:38	4a619031-335d-47d5-92fb-98351d5f5904	DELETE	http://localhost:3000	/todos/6346e250914a9d2cbcd5f354
2022-10-12	17:22:38	f4c540d0-ef9d-47d7-bb11-718822a374a9	OPTIONS	http://localhost:3000	/todos
2022-10-12	17:22:38	35d3336b-0105-4780-8fd7-1cf78e606d88	GET	http://localhost:3000	/todos
2022-10-12	17:23:02	59cba89c-2f3e-4e59-a7d3-222dcb5dab3d	GET	http://localhost:3000	/refresh
2022-10-12	17:23:02	2f40fe44-c80d-4005-9ad8-06c281383b24	OPTIONS	http://localhost:3000	/todos
2022-10-12	17:23:02	46de252c-a919-4cb9-b627-ca128bc518d8	GET	http://localhost:3000	/todos
2022-10-12	17:23:29	60687fd1-a67d-4826-928d-a74da52da0fe	OPTIONS	http://localhost:3000	/todos
2022-10-12	17:23:29	471ce82d-5468-4ec8-b796-95989f23a7a8	POST	http://localhost:3000	/todos
2022-10-12	17:23:29	a3bba5d0-d924-456e-972f-0e49b0cddec6	GET	http://localhost:3000	/todos
2022-10-12	17:23:42	5407be5a-7cbd-4f5f-971e-670f18cbfab1	OPTIONS	http://localhost:3000	/todos/6346e2c81eaf306f4010f402
2022-10-12	17:23:42	fe0f97fd-5016-42aa-9a17-ad378d9b9a48	DELETE	http://localhost:3000	/todos/6346e2c81eaf306f4010f402
2022-10-12	17:25:54	810a9439-2434-46b2-b7ca-f447f48610d3	OPTIONS	http://localhost:3000	/refresh
2022-10-12	17:25:54	df99af9a-36c2-4f61-9050-3aece7f8262d	GET	http://localhost:3000	/refresh
2022-10-12	17:25:54	87389e2c-1c1b-459e-9c88-604412fbcf87	OPTIONS	http://localhost:3000	/todos
2022-10-12	17:25:54	b65a2033-48ed-47b8-b900-114304f3d9af	GET	http://localhost:3000	/todos
2022-10-12	17:26:04	1e4616b9-c83d-4f91-835a-6348d18ca902	OPTIONS	http://localhost:3000	/todos
2022-10-12	17:26:04	d3981827-056c-4ec1-abcb-6c0ac1930e03	POST	http://localhost:3000	/todos
2022-10-12	17:26:05	48629f2c-8c73-41c6-b6ae-7a4125a36b72	GET	http://localhost:3000	/todos
2022-10-12	17:26:09	1b599979-13d6-43bb-978a-03161e188ef0	OPTIONS	http://localhost:3000	/todos/6346ea9c1eaf306f4010f4d2
2022-10-12	17:26:09	b3b203b3-e3fd-463b-907d-844bef488023	DELETE	http://localhost:3000	/todos/6346ea9c1eaf306f4010f4d2
2022-10-12	17:26:10	0f163b1a-5a46-4642-b78e-77391f4be3e2	OPTIONS	http://localhost:3000	/todos
2022-10-12	17:26:10	a0d30c00-c96f-4579-946c-6944e7c97dbe	GET	http://localhost:3000	/todos
2022-10-12	17:26:40	33c4ce5e-b0f4-473c-a5f8-df54ebb4ffc6	OPTIONS	http://localhost:3000	/todos
2022-10-12	17:26:40	8beae05e-351d-4a0c-b896-2b019414ca94	POST	http://localhost:3000	/todos
2022-10-12	17:26:41	56e123fa-84f7-441d-96c5-fd8d247a58db	GET	http://localhost:3000	/todos
2022-10-12	17:26:48	6fdd38eb-fe00-4f3b-bc35-69647c6f1279	OPTIONS	http://localhost:3000	/todos
2022-10-12	17:26:48	49d2d925-fd6a-4864-b20b-f686dff11dd6	POST	http://localhost:3000	/todos
2022-10-12	17:26:49	188ee3f6-225f-43ab-ac78-59349285b3d4	GET	http://localhost:3000	/todos
2022-10-12	17:27:02	e5329698-9828-470b-95d4-493ba001cec4	OPTIONS	http://localhost:3000	/todos
2022-10-12	17:27:02	b4a4690f-b73d-449b-ae0e-2634aace0dd4	POST	http://localhost:3000	/todos
2022-10-12	17:27:02	0bdfc99d-9dd4-4816-b7de-b2e945366402	GET	http://localhost:3000	/todos
2022-10-12	17:27:32	b070b379-9c16-41fb-b13d-31d35c761287	OPTIONS	http://localhost:3000	/todos/6346eac81eaf306f4010f4e7
2022-10-12	17:27:32	afcc1811-f8a4-4db6-a3cc-3590e90d866f	DELETE	http://localhost:3000	/todos/6346eac81eaf306f4010f4e7
2022-10-12	17:27:33	35a90afb-7696-4db7-9520-df46111d4edd	OPTIONS	http://localhost:3000	/todos
2022-10-12	17:27:33	4667b094-6190-4d0a-9f69-0dd7308928b6	GET	http://localhost:3000	/todos
2022-10-12	17:27:34	3a3ee100-3e98-4ad8-aae8-e66980e28644	OPTIONS	http://localhost:3000	/todos/6346eac01eaf306f4010f4df
2022-10-12	17:27:34	e2c40c3e-c762-411b-b500-8a119ef423a3	DELETE	http://localhost:3000	/todos/6346eac01eaf306f4010f4df
2022-10-12	17:27:34	4e367f12-238b-4286-bc9a-c7e4e788a522	GET	http://localhost:3000	/todos
2022-10-12	17:27:36	b65db5f0-a687-4e43-a810-cdc746e5e341	OPTIONS	http://localhost:3000	/todos/6346ead61eaf306f4010f4f1
2022-10-12	17:27:36	ee65bc7b-c3a6-4e21-b510-5e5c5afa76ab	DELETE	http://localhost:3000	/todos/6346ead61eaf306f4010f4f1
2022-10-12	17:27:36	bab9be82-1a67-4442-9b3c-ddeea730b71b	GET	http://localhost:3000	/todos
2022-10-12	17:29:10	61f814cc-299a-4828-bd93-8a8e8d0cc19f	OPTIONS	http://localhost:3000	/todos
2022-10-12	17:29:10	c67be4f7-98d0-4d26-a34a-966c6f52eb98	POST	http://localhost:3000	/todos
2022-10-12	17:29:11	cf9dec60-fc92-44a4-8f9d-cd933949e86a	GET	http://localhost:3000	/todos
2022-10-12	17:29:18	4f972a90-2312-4d4f-b3d6-2bc5da9771c6	OPTIONS	http://localhost:3000	/todos
2022-10-12	17:29:18	e5ce139a-afdb-45ec-956c-dda62d33a668	POST	http://localhost:3000	/todos
2022-10-12	17:29:19	9d582518-6696-4222-b8c2-68b6f42bf73a	GET	http://localhost:3000	/todos
2022-10-12	17:30:44	e8335364-238f-4a4b-8b3e-7938e4e7faf6	GET	http://localhost:3000	/refresh
2022-10-12	17:30:44	57398b12-c0b2-4485-9d98-c35bfd7f031b	OPTIONS	http://localhost:3000	/todos
2022-10-12	17:30:44	96654749-f74b-473f-956b-6d6e2f62d8c3	GET	http://localhost:3000	/todos
2022-10-12	17:31:06	a8b82b60-ef5f-4d45-ad4c-45135f19c8d0	OPTIONS	http://localhost:3000	/todos/6346eb561eaf306f4010f512
2022-10-12	17:31:06	71a9ea90-da31-430c-b661-16569f1e3339	DELETE	http://localhost:3000	/todos/6346eb561eaf306f4010f512
2022-10-12	17:31:07	35e6e723-4a7c-4f94-8cb9-d945e534731e	OPTIONS	http://localhost:3000	/todos
2022-10-12	17:31:07	f847ebd5-222e-47f5-9f07-8c14703a9f5e	GET	http://localhost:3000	/todos
2022-10-12	17:36:21	01facc0d-6d5a-4b7a-859b-1085f1f35f84	GET	http://localhost:3000	/refresh
2022-10-12	17:36:22	9faf01c7-c72c-4f53-a27c-aec40362b6dd	OPTIONS	http://localhost:3000	/todos
2022-10-12	17:36:22	62552798-86b4-4253-83d6-36808f9d5a1f	GET	http://localhost:3000	/todos
2022-10-12	17:46:36	5cf9b1fe-c46f-4b83-acbd-276a62f66088	GET	http://localhost:3000	/refresh
2022-10-12	17:46:37	7a5a1ebd-d1d7-4c78-8dc2-58e676a69214	OPTIONS	http://localhost:3000	/todos
2022-10-12	17:46:37	5ae5ef5b-1f26-4ba0-90b7-be24ba960bc8	GET	http://localhost:3000	/todos
2022-10-12	17:46:41	e752d1e8-44c5-4a7c-a584-0abf423a5a93	OPTIONS	http://localhost:3000	/todos/6346ea011eaf306f4010f4c3
2022-10-12	17:47:41	6dc8ab29-702b-4174-8fea-5e75d9e57eff	GET	http://localhost:3000	/refresh
2022-10-12	17:47:42	7390b0ce-3115-4d37-94a2-7c57dbb8477e	OPTIONS	http://localhost:3000	/todos
2022-10-12	17:47:42	f91ab777-6ee4-4faf-9d24-028a585cdd41	GET	http://localhost:3000	/todos
2022-10-12	17:47:46	b924286f-c74a-46ff-a66a-e524b8d73a30	OPTIONS	http://localhost:3000	/todos/6346ea011eaf306f4010f4c3
2022-10-12	17:47:46	76132dfc-d82f-473f-a054-cbec891aaa73	PATCH	http://localhost:3000	/todos/6346ea011eaf306f4010f4c3
2022-10-12	17:47:52	8f7d202f-d21d-4d37-b928-f80baeb442ce	GET	http://localhost:3000	/refresh
2022-10-12	17:47:53	bfea777d-cfc8-4aac-a2fb-eec970542672	OPTIONS	http://localhost:3000	/todos
2022-10-12	17:47:53	b4a367bd-ed60-49a1-9e85-bedf4b85a335	GET	http://localhost:3000	/todos
2022-10-12	17:49:39	6f6beb33-01b1-4d8c-a9fd-d63fa1aa7877	OPTIONS	http://localhost:3000	/todos/6346ea011eaf306f4010f4c3
2022-10-12	17:49:39	377cab01-2f10-465c-8fc4-575e8c8c4517	PATCH	http://localhost:3000	/todos/6346ea011eaf306f4010f4c3
2022-10-12	17:51:04	48e75fa2-1817-417e-9925-e5a49456dd5d	GET	http://localhost:3000	/refresh
2022-10-12	17:51:04	871e670c-fd81-47b0-87de-ce595b9fb81e	OPTIONS	http://localhost:3000	/todos
2022-10-12	17:51:05	9821dd0f-47b8-4446-b415-15b4f270cbe6	GET	http://localhost:3000	/todos
2022-10-12	17:51:07	a02f0085-64a5-45ce-8466-0869813a394e	OPTIONS	http://localhost:3000	/todos/6346ea011eaf306f4010f4c3
2022-10-12	17:51:07	42f82087-e70b-4ace-aa77-9efd3a1080c4	PATCH	http://localhost:3000	/todos/6346ea011eaf306f4010f4c3
2022-10-12	17:53:12	447e2d14-0bc0-4803-853b-f2841ea95105	OPTIONS	http://localhost:3000	/login
2022-10-12	17:53:12	b30752ad-16ae-48bd-b338-3dc699a5ad3b	POST	http://localhost:3000	/login
2022-10-12	17:53:13	feffd4c5-fd87-4e0e-9f58-873840dd39ec	OPTIONS	http://localhost:3000	/refresh
2022-10-12	17:53:13	9ccc4a75-2463-42cb-8355-4f15e6e2a11e	GET	http://localhost:3000	/refresh
2022-10-12	17:53:13	efcec082-a2b0-4253-8675-7459c9e34080	OPTIONS	http://localhost:3000	/todos
2022-10-12	17:53:13	4521c8f7-9c61-4c6a-851e-6f9e3e9dc3c0	GET	http://localhost:3000	/todos
2022-10-12	17:53:18	40a8ac51-5c3f-48f4-aa15-726bf31ae11e	OPTIONS	http://localhost:3000	/todos/6346ea011eaf306f4010f4c3
2022-10-12	17:53:18	af804125-8367-4cac-8aa3-5269f2a4ae5d	PATCH	http://localhost:3000	/todos/6346ea011eaf306f4010f4c3
2022-10-12	17:53:57	ac112a14-478e-44ef-9a0b-ee613fbba411	GET	http://localhost:3000	/refresh
2022-10-12	17:53:58	27f85586-c1e9-416b-945b-b9cb091488d3	OPTIONS	http://localhost:3000	/todos
2022-10-12	17:53:58	0bc236ca-a600-4b5c-b79b-fb52dbe3a654	GET	http://localhost:3000	/todos
2022-10-12	17:54:57	4929a925-7403-40dd-9454-f566fa111b21	OPTIONS	http://localhost:3000	/todos/6346eb5e1eaf306f4010f51a
2022-10-12	17:54:57	45a57633-43f2-4b01-867b-2c38b8ac5cf5	PATCH	http://localhost:3000	/todos/6346eb5e1eaf306f4010f51a
2022-10-12	18:03:54	ce64afd4-d48d-4625-99d2-857b5d9e62ad	GET	http://localhost:3000	/refresh
2022-10-12	18:03:56	f655b9e6-b1e0-4d2e-8c82-c27dfcd3f477	OPTIONS	http://localhost:3000	/todos
2022-10-12	18:03:56	a1425321-ea93-4c5a-9dd7-33b4441f8bac	GET	http://localhost:3000	/todos
2022-10-12	18:10:13	a3732c70-b046-4935-9c51-3698372fe77b	GET	http://localhost:3000	/refresh
2022-10-12	18:10:13	114b11b9-f706-40cd-b0ee-28473521a6f3	OPTIONS	http://localhost:3000	/todos
2022-10-12	18:10:14	fdaa1c00-1b47-47ac-9522-11d12283215f	GET	http://localhost:3000	/todos
2022-10-12	18:11:18	465eb8e0-d88d-48ab-a62f-c8aa1d4fab7d	OPTIONS	http://localhost:3000	/todos
2022-10-12	18:11:57	7231070c-b209-41d0-a780-4ba6daf2dfd4	GET	http://localhost:3000	/refresh
2022-10-12	18:11:58	745fac33-65f7-4e19-ad08-187b45bb5f89	OPTIONS	http://localhost:3000	/todos
2022-10-12	18:11:58	8fe50c9a-49f7-4415-bfaa-a9c3f945be08	GET	http://localhost:3000	/todos
2022-10-12	18:12:04	9dda1d43-9a2b-457d-8927-bdd4eb0ea99c	OPTIONS	http://localhost:3000	/todos
2022-10-12	18:12:04	4aeab32d-7494-4253-86da-26aae5f40b89	POST	http://localhost:3000	/todos
2022-10-12	18:12:05	ab7a15ec-1adf-4c45-a3e7-7d97dd196a9b	GET	http://localhost:3000	/todos
2022-10-12	18:12:48	558b8e60-2d0c-4ef4-935e-9784543acf2d	OPTIONS	http://localhost:3000	/todos
2022-10-12	18:12:48	c688549b-e5e1-4e08-a567-c77c4e7d6829	POST	http://localhost:3000	/todos
2022-10-12	18:12:48	647998e6-77d3-4c95-8b00-57c779ad92a3	GET	http://localhost:3000	/todos
2022-10-12	18:23:58	bce0834f-99b3-4852-a991-7fee2ff13beb	OPTIONS	http://localhost:3000	/todos/6346f5647d569cc692be4b13
2022-10-12	18:23:58	c1f203b5-78f7-48b4-a872-c3f5a83b29fe	DELETE	http://localhost:3000	/todos/6346f5647d569cc692be4b13
2022-10-12	18:23:58	558129ff-6fbd-420f-8399-d311d8814037	OPTIONS	http://localhost:3000	/todos
2022-10-12	18:23:58	b23df73d-34e7-49a2-ad0a-c6be58e36c76	GET	http://localhost:3000	/todos
2022-10-12	18:24:17	3cd594b3-cb20-4504-a441-0583737da363	GET	http://localhost:3000	/refresh
2022-10-12	18:24:17	b5d6d4bf-6670-4e43-8235-5d0373d1afc6	OPTIONS	http://localhost:3000	/todos
2022-10-12	18:24:17	6b3aa1a3-5727-449c-b3f4-4c52435de2f3	GET	http://localhost:3000	/todos
2022-10-12	18:26:38	41d88a44-397d-42de-b8be-36e102d7dc8f	GET	http://localhost:3000	/refresh
2022-10-12	18:26:39	dae45938-7965-4bf1-957f-1d71934eac06	OPTIONS	http://localhost:3000	/todos
2022-10-12	18:26:39	2f78ab23-fa80-433f-8ba2-9d2f5d67bac4	GET	http://localhost:3000	/todos
2022-10-12	18:27:34	5e0e0bfd-fcb6-40e5-a717-1eea41a8ac80	GET	http://localhost:3000	/refresh
2022-10-12	18:27:34	da5e3df0-1dd5-4991-a8e5-68282366e98a	OPTIONS	http://localhost:3000	/todos
2022-10-12	18:27:34	a3dca34d-c031-4f9e-824f-e6796b31f5e1	GET	http://localhost:3000	/todos
2022-10-12	18:27:56	fe1ae792-14e4-4913-94b7-2dbd51db25fb	GET	http://localhost:3000	/refresh
2022-10-12	18:27:57	25256b2e-7dbd-4097-a9f7-58ea71358608	OPTIONS	http://localhost:3000	/todos
2022-10-12	18:27:57	730eabe0-e003-4894-8f2b-4bc568399838	GET	http://localhost:3000	/todos
2022-10-12	18:28:51	88df9a9c-dc2c-407b-9614-82d412636e7a	GET	http://localhost:3000	/refresh
2022-10-12	18:28:52	e17d3353-3508-421c-9104-c8fb5dd41b2a	OPTIONS	http://localhost:3000	/todos
2022-10-12	18:28:52	b6d06bbb-ae26-47d7-a919-6f5952705ace	GET	http://localhost:3000	/todos
2022-10-12	18:29:04	6f625e51-1a09-4803-88b0-deed558c0add	OPTIONS	http://localhost:3000	/todos
2022-10-12	18:29:04	118ab9b0-84c0-40dc-b949-819c4854cbb1	POST	http://localhost:3000	/todos
2022-10-12	18:29:04	bfd18bdf-f7ab-47d3-83cd-ce475c8a4e69	GET	http://localhost:3000	/todos
2022-10-12	18:29:08	bb8d3d8d-8aa1-4c58-b5c4-dacd6d2a5fe0	OPTIONS	http://localhost:3000	/todos/6346f5907d569cc692be4b16
2022-10-12	18:29:08	ec54486c-faa8-4e9f-aa87-5a604f5447f7	PATCH	http://localhost:3000	/todos/6346f5907d569cc692be4b16
2022-10-12	18:29:14	cd06a843-7675-4fdd-b04b-be2b4976737c	GET	http://localhost:3000	/refresh
2022-10-12	18:29:14	8b83a707-ef78-4631-abf5-f3471facc5f8	OPTIONS	http://localhost:3000	/todos
2022-10-12	18:29:14	a8bdada6-88a6-4a70-b531-bd281379daa9	GET	http://localhost:3000	/todos
2022-10-12	18:34:49	74e5636f-568c-4992-91d7-21a4fefb92d6	GET	http://localhost:3000	/refresh
2022-10-12	18:34:49	4a2a029d-33e6-4051-9ef7-b3b5a2570aaf	OPTIONS	http://localhost:3000	/todos
2022-10-12	18:34:50	84cc4b54-1ad3-4d8f-81be-77b1166b2bad	GET	http://localhost:3000	/todos
2022-10-12	18:41:15	374d4a39-9598-49af-81ad-02154cc854e3	GET	http://localhost:3000	/refresh
2022-10-12	18:41:15	8a4bfb92-019f-458c-976c-e62f97273399	OPTIONS	http://localhost:3000	/todos
2022-10-12	18:41:15	65db6d90-de22-4dcc-b4d5-4e56580a3a39	GET	http://localhost:3000	/todos
2022-10-12	18:42:43	37103de3-ee3a-4ffd-8783-099ab49fe804	GET	http://localhost:3000	/refresh
2022-10-12	18:42:44	c2926436-1591-4090-ae79-0ba0377a934e	OPTIONS	http://localhost:3000	/todos
2022-10-12	18:42:44	eb235c15-e3aa-47da-8521-bafa5a960bc4	GET	http://localhost:3000	/todos
2022-10-12	18:44:56	23987bf2-f9f6-4402-b89b-1c04ad520006	GET	http://localhost:3000	/refresh
2022-10-12	18:44:56	29743a0e-35b6-4c7d-85f6-4c7905879baa	OPTIONS	http://localhost:3000	/todos
2022-10-12	18:44:56	0ba804e7-0d8a-4999-9a0d-13763a57e8c9	GET	http://localhost:3000	/todos
2022-10-12	18:45:36	8d49b3a5-94d3-4df5-b52a-a49ef0d0d90f	OPTIONS	http://localhost:3000	/todos
2022-10-12	18:45:36	442c065e-810f-4d45-aa65-b5b55351275e	POST	http://localhost:3000	/todos
2022-10-12	18:45:36	13cc0de1-e21c-494b-9974-497b19848338	GET	http://localhost:3000	/todos
2022-10-12	18:48:06	4f2afe51-359d-4bfd-a12a-19b7ced73870	GET	http://localhost:3000	/refresh
2022-10-12	18:48:07	c07cf51d-5293-4f52-ae9b-449120862ede	OPTIONS	http://localhost:3000	/todos
2022-10-12	18:48:07	13f06b66-198c-4a0b-a71b-cc5f53796fe8	GET	http://localhost:3000	/todos
2022-10-12	19:02:20	4d332a6e-b871-40f2-81d5-3bfa2c8544b8	GET	http://localhost:3000	/refresh
2022-10-12	19:02:21	0f2a8244-4b6b-46fd-a407-c382e80a96b6	OPTIONS	http://localhost:3000	/todos
2022-10-12	19:02:21	4db3797f-9ff4-4fd6-8cfb-390fd7113433	GET	http://localhost:3000	/todos
2022-10-12	19:15:36	2d29c66c-607a-4cbb-8959-4500f007641b	GET	http://localhost:3000	/refresh
2022-10-12	19:15:37	c2456b62-dd01-487e-a27c-e6e7214f66eb	OPTIONS	http://localhost:3000	/todos
2022-10-12	19:15:37	a811ef6f-3270-4911-a506-b33c06aec557	GET	http://localhost:3000	/todos
2022-10-12	19:21:15	0ae5ab6b-1ce9-4d5d-97dd-f50a95a3a35f	OPTIONS	http://localhost:3000	/todos/6346f960da6975d2d3f6262b
2022-10-12	19:21:15	e79dedfe-4dac-4727-98e7-3f47eedf402e	PATCH	http://localhost:3000	/todos/6346f960da6975d2d3f6262b
2022-10-12	19:21:20	c44c5eeb-865f-4b9c-a4d1-8b825e3cee36	GET	http://localhost:3000	/refresh
2022-10-12	19:21:21	253c0ff8-68f0-4716-aa65-49ce3f518585	OPTIONS	http://localhost:3000	/todos
2022-10-12	19:21:21	f913c40a-027b-4bca-aa8d-43ce286cc622	GET	http://localhost:3000	/todos
2022-10-12	19:22:36	563b1688-f659-45d8-8131-2c1a70edd2ee	GET	http://localhost:3000	/refresh
2022-10-12	19:22:36	7567af79-b545-4e85-b3e5-302907fa9c10	OPTIONS	http://localhost:3000	/todos
2022-10-12	19:22:37	e270623c-0418-4e0c-be75-0acff5be9808	GET	http://localhost:3000	/todos
2022-10-12	19:29:14	e7f53c5c-0dc6-4f7e-a93e-85e5075cb7bf	GET	http://localhost:3000	/refresh
2022-10-12	19:29:15	fcb1b040-823f-4a27-81b1-9d93f40a7607	OPTIONS	http://localhost:3000	/todos
2022-10-12	19:29:15	9355b9ca-0cbe-4051-8fe5-591364a485c2	GET	http://localhost:3000	/todos
2022-10-12	19:39:27	6e84dd98-9ca4-4cba-8250-7d1536b6ee16	GET	http://localhost:3000	/refresh
2022-10-12	19:39:29	98c90f4a-45c3-42bf-8ec6-518d83711d41	OPTIONS	http://localhost:3000	/todos
2022-10-12	19:39:29	6914364b-c9cb-45a4-87be-ecfc8d348304	GET	http://localhost:3000	/todos
2022-10-12	23:26:04	7643d523-f12a-4a62-9c06-d9db03d1ca49	GET	http://localhost:3000	/refresh
2022-10-12	23:26:04	e48e9908-c5ff-4690-b3a5-3023dae46d5c	OPTIONS	http://localhost:3000	/todos
2022-10-12	23:26:04	045f4bc3-44bd-4cf3-b394-0197f77c533e	GET	http://localhost:3000	/todos
2022-10-12	23:27:30	71586ffe-f835-4673-80ef-1e096208f4ac	GET	http://localhost:3000	/refresh
2022-10-12	23:27:31	6761dd74-cbf7-44a0-8d00-c1b6a8ce4605	OPTIONS	http://localhost:3000	/todos
2022-10-12	23:27:31	d986250b-bca6-4190-a9df-96cff27d2493	GET	http://localhost:3000	/todos
2022-10-12	23:30:32	3f2f3fdc-bf6f-4902-845d-ec07fe72e2df	OPTIONS	http://localhost:3000	/todos
2022-10-12	23:30:32	f6a5e345-3ad8-4f34-80d8-3cacb735486a	DELETE	http://localhost:3000	/todos
2022-10-12	23:30:33	40bee392-a1bc-40f1-90ef-aa3067010a05	GET	http://localhost:3000	/todos
2022-10-12	23:30:52	1e720ef8-9736-42c3-ba28-f2ad49563504	GET	http://localhost:3000	/refresh
2022-10-12	23:30:52	04925883-e3da-49c6-978f-84a9525d1efe	OPTIONS	http://localhost:3000	/todos
2022-10-12	23:30:53	e2be3afd-7e47-4c2f-be8d-363b3a22bb3e	GET	http://localhost:3000	/todos
2022-10-12	23:31:15	deb65471-931c-4d96-8a72-bd9189102a3f	OPTIONS	http://localhost:3000	/todos/6346fd40754d46aef1d9fec4
2022-10-12	23:31:15	81ab09e8-0757-4898-81ae-7d5fd124bd11	DELETE	http://localhost:3000	/todos/6346fd40754d46aef1d9fec4
2022-10-12	23:31:15	25c9895c-7460-4b46-97a4-55b1f972e0a4	OPTIONS	http://localhost:3000	/todos
2022-10-12	23:31:15	aa2ad95d-c788-43a6-9e4d-7926499f5c5b	GET	http://localhost:3000	/todos
2022-10-12	23:31:32	38e798c3-cbbc-45b0-9c5a-d6418d0aa85a	OPTIONS	http://localhost:3000	/todos
2022-10-12	23:31:32	063a4e08-396b-4762-80f3-a18503ef3d07	POST	http://localhost:3000	/todos
2022-10-12	23:31:32	79eb8e36-8e6c-4f72-9300-62a0cf4f7b74	GET	http://localhost:3000	/todos
2022-10-12	23:31:41	37539b82-b287-457f-bb15-9f000d4ea220	OPTIONS	http://localhost:3000	/todos
2022-10-12	23:31:41	4b8ab2c0-246b-49e3-b45f-29862a4323a1	POST	http://localhost:3000	/todos
2022-10-12	23:31:41	0180e70d-53d4-489a-b22b-cced68fb1240	GET	http://localhost:3000	/todos
2022-10-12	23:31:57	4ed4a82e-dfe5-4652-8abd-66dcd3c971fa	OPTIONS	http://localhost:3000	/todos
2022-10-12	23:31:57	fe5a60dd-c4d5-4eb0-8a8b-e15e81badcdf	POST	http://localhost:3000	/todos
2022-10-12	23:31:57	e3400ecc-d3ce-4467-9353-a69e9f5d8198	GET	http://localhost:3000	/todos
2022-10-12	23:32:17	a5089d4f-38db-4098-9c22-27b6e721f5f6	OPTIONS	http://localhost:3000	/todos
2022-10-12	23:32:17	5e4ffe5c-fdc4-42c9-bd47-cfb47da69977	POST	http://localhost:3000	/todos
2022-10-12	23:32:18	daabc0b6-7247-47aa-be13-6a9a6de117c2	GET	http://localhost:3000	/todos
2022-10-12	23:32:34	bb88c111-82c0-464d-a630-27f7cea84480	OPTIONS	http://localhost:3000	/todos/634740442e03cfa35ac467a5
2022-10-12	23:32:34	8435c3a0-961c-4bf8-bd3f-0b210989cd06	PATCH	http://localhost:3000	/todos/634740442e03cfa35ac467a5
2022-10-12	23:32:42	97f0ca8a-c840-497b-9ce5-fec2fe192c58	OPTIONS	http://localhost:3000	/todos/6347405d2e03cfa35ac467ab
2022-10-12	23:32:42	a46cc331-267f-420d-872e-136a69cf7382	PATCH	http://localhost:3000	/todos/6347405d2e03cfa35ac467ab
2022-10-12	23:34:30	70be9162-8a30-4dfa-b144-6358a6e41c5a	OPTIONS	http://localhost:3000	/todos/6347404d2e03cfa35ac467a8
2022-10-12	23:34:30	6e838d5f-cef4-4c7c-8057-ed9b31956405	PATCH	http://localhost:3000	/todos/6347404d2e03cfa35ac467a8
2022-10-12	23:34:36	0308bbe0-1600-4b99-becd-3ee7610c38db	GET	http://localhost:3000	/refresh
2022-10-12	23:34:36	b4726690-8592-468b-af59-dc8ccefa7872	OPTIONS	http://localhost:3000	/todos
2022-10-12	23:34:37	0343b91c-e540-4eec-a0c7-0fd78129f1e2	GET	http://localhost:3000	/todos
2022-10-12	23:35:41	44cafd18-d943-4c96-8943-16b69d8a6d09	OPTIONS	http://localhost:3000	/todos
2022-10-12	23:35:41	47ea9b13-0e6b-407d-a95e-b89959055cc8	POST	http://localhost:3000	/todos
2022-10-12	23:35:41	51b9ff14-395e-4dcd-bd07-5042f6ebe4f6	GET	http://localhost:3000	/todos
2022-10-12	23:35:51	9cbe9975-d091-4c7e-8345-a8b6ad91d370	OPTIONS	http://localhost:3000	/todos
2022-10-12	23:35:51	070b6a45-589c-4230-b4ae-434ef1f33a16	POST	http://localhost:3000	/todos
2022-10-12	23:35:51	c574a1a0-b7b8-43de-bccc-6d28333801ca	GET	http://localhost:3000	/todos
2022-10-12	23:36:01	75992aa6-a594-487a-854a-3a8643f8b892	OPTIONS	http://localhost:3000	/todos
2022-10-12	23:36:01	7ab5d100-7a47-406c-b498-73a445d30d9e	POST	http://localhost:3000	/todos
2022-10-12	23:36:02	06367017-3cca-4c49-83ad-08e70fa1c385	GET	http://localhost:3000	/todos
2022-10-12	23:36:14	e07dca8b-0dca-4a03-a30f-e847988c0b23	OPTIONS	http://localhost:3000	/todos
2022-10-12	23:36:14	b6431ff6-4650-4dc7-89bf-e6ce8444bf98	POST	http://localhost:3000	/todos
2022-10-12	23:36:14	ec3e548f-e0b5-4a92-9140-b864ccf60904	GET	http://localhost:3000	/todos
2022-10-12	23:36:31	30df1434-1533-4082-994d-cc41b8a6dcc3	OPTIONS	http://localhost:3000	/todos/634740712e03cfa35ac467ae
2022-10-12	23:36:31	771c4558-952b-4c7d-9760-36d20c05dc8b	PATCH	http://localhost:3000	/todos/634740712e03cfa35ac467ae
2022-10-12	23:36:31	66d443ed-38ea-495d-9f64-0bd835f10917	OPTIONS	http://localhost:3000	/todos
2022-10-12	23:36:31	eca07084-cfd8-46f2-b13a-34d4ea5dc6d4	GET	http://localhost:3000	/todos
2022-10-12	23:36:38	787890ea-8015-4c78-95eb-a088515f323d	OPTIONS	http://localhost:3000	/todos/6347413d2e03cfa35ac467b9
2022-10-12	23:36:38	7d9755b6-09f2-425a-9dc8-f0e2df4bc10f	PATCH	http://localhost:3000	/todos/6347413d2e03cfa35ac467b9
2022-10-12	23:36:38	8821ae92-ef77-4ef8-8fc0-6c279af223e4	OPTIONS	http://localhost:3000	/todos
2022-10-12	23:36:38	0c38c921-5c8a-409c-abc6-eab702b74682	GET	http://localhost:3000	/todos
2022-10-12	23:37:00	92f6cc01-727c-4761-a63d-16b20b051eb6	OPTIONS	http://localhost:3000	/todos/634741472e03cfa35ac467bc
2022-10-12	23:37:00	48732271-935e-4e66-bc53-42715be5e1e0	PATCH	http://localhost:3000	/todos/634741472e03cfa35ac467bc
2022-10-12	23:37:00	5b393251-9967-47e8-b98e-149147460659	OPTIONS	http://localhost:3000	/todos
2022-10-12	23:37:00	c5e320d4-1414-4671-9411-0fd9c03c4ddf	GET	http://localhost:3000	/todos
2022-10-12	23:37:23	abcd2720-7075-4a64-b7bd-827eac17cf26	GET	http://localhost:3000	/refresh
2022-10-12	23:37:23	293f86e4-41de-4755-b43c-05576126ec10	OPTIONS	http://localhost:3000	/todos
2022-10-12	23:37:23	dff10f02-b832-43b2-9682-17393f35f079	GET	http://localhost:3000	/todos
2022-10-12	23:37:29	b002ac6d-d26a-47c4-ad14-f38cae925791	OPTIONS	http://localhost:3000	/todos/634741512e03cfa35ac467bf
2022-10-12	23:37:29	7ed66be2-2cf0-442f-97bb-1897e152c9a4	PATCH	http://localhost:3000	/todos/634741512e03cfa35ac467bf
2022-10-12	23:37:29	81545519-3d90-49a5-8528-dd811d3fb9d3	OPTIONS	http://localhost:3000	/todos
2022-10-12	23:37:29	718e5fb6-7e50-4167-afc6-8db8ada0c714	GET	http://localhost:3000	/todos
2022-10-12	23:37:50	596968f9-4d65-42dc-b894-6c612e6babb8	OPTIONS	http://localhost:3000	/todos
2022-10-12	23:37:50	f3da0fd2-1f29-48b2-be93-c481d7548edb	DELETE	http://localhost:3000	/todos
2022-10-12	23:37:50	89df3148-6147-4d45-ab82-3ef2b36ae91c	GET	http://localhost:3000	/todos
2022-10-12	23:38:39	ff58d9d8-c2a7-4f3e-a46f-8db88ee9776e	GET	http://localhost:3000	/refresh
2022-10-12	23:38:39	9b5a4bc0-d245-4fbb-abf8-f1d3171dde05	OPTIONS	http://localhost:3000	/todos
2022-10-12	23:38:39	62328785-d8b9-4690-96ac-35e459653bb5	GET	http://localhost:3000	/todos
2022-10-12	23:38:50	494fc5b2-758e-4280-bd9b-a950aaf7d3b6	OPTIONS	http://localhost:3000	/todos
2022-10-12	23:38:50	f579817b-9118-42b3-9eb7-9e48c30c1552	POST	http://localhost:3000	/todos
2022-10-12	23:38:50	d161f606-cddb-465d-8bc8-15cc35302b2c	GET	http://localhost:3000	/todos
2022-10-12	23:39:02	40c68262-3ade-45df-9279-4fdd5fc90a0a	OPTIONS	http://localhost:3000	/todos/6347415e2e03cfa35ac467c2
2022-10-12	23:39:02	39f981de-9e4f-45df-97b5-cb98fd0d1bfd	PATCH	http://localhost:3000	/todos/6347415e2e03cfa35ac467c2
2022-10-12	23:39:02	1b88ed2d-b04e-4ef3-b34b-d029d7dae7c8	OPTIONS	http://localhost:3000	/todos
2022-10-12	23:39:02	de9e790c-c3d3-40fa-a679-e571e69d7896	GET	http://localhost:3000	/todos
2022-10-12	23:39:22	5ec8fa61-fedd-436a-8a15-04270bde3544	OPTIONS	http://localhost:3000	/todos/634741fa2e03cfa35ac467d7
2022-10-12	23:39:22	e916a651-782d-450a-8477-6fbef910fb1c	PATCH	http://localhost:3000	/todos/634741fa2e03cfa35ac467d7
2022-10-12	23:39:23	6efaf275-c4e2-4d1d-995f-5fb0158b0416	OPTIONS	http://localhost:3000	/todos
2022-10-12	23:39:23	023d8463-de3f-4be1-9f3f-736d5a82af55	GET	http://localhost:3000	/todos
2022-10-12	23:39:43	85c30388-1f2b-400c-a1fa-1ca4981cbce3	OPTIONS	http://localhost:3000	/todos/634741fa2e03cfa35ac467d7
2022-10-12	23:39:43	256e5a04-7934-44d2-8fb0-1a59198a89cd	DELETE	http://localhost:3000	/todos/634741fa2e03cfa35ac467d7
2022-10-12	23:39:43	dceb5ae2-c0a5-4c4b-976b-65c07a8b3816	OPTIONS	http://localhost:3000	/todos
2022-10-12	23:39:43	ac601ba8-1efc-412c-8b1c-564c87f3afb8	GET	http://localhost:3000	/todos
2022-10-12	23:39:44	51cc3b04-3b68-42c1-bd69-1afe353aa145	OPTIONS	http://localhost:3000	/todos
2022-10-12	23:39:44	63d7e699-d291-41b7-b05a-1ccc94442146	DELETE	http://localhost:3000	/todos
2022-10-12	23:39:45	5420e48f-ad72-434f-8cfd-1b3c0f095d47	GET	http://localhost:3000	/todos
2022-10-12	23:39:52	99b6eebd-1385-4f5d-b6eb-05af7c28542c	OPTIONS	http://localhost:3000	/todos
2022-10-12	23:39:52	69bc2ebf-3070-4c0e-9ab3-2cf4c14d0c03	POST	http://localhost:3000	/todos
2022-10-12	23:39:52	a3ecc17a-e72e-494a-8c13-f348e246d32c	GET	http://localhost:3000	/todos
2022-10-12	23:39:55	1b76c8fb-f489-4307-8c91-fe333e578b95	POST	http://localhost:3000	/todos
2022-10-12	23:39:55	a5f3fecb-776d-4097-b13e-df99a2190a97	GET	http://localhost:3000	/todos
2022-10-12	23:39:58	e1c4116f-b70e-4d8a-bfa7-e9da0ea3ae38	OPTIONS	http://localhost:3000	/todos
2022-10-12	23:39:58	93b1c032-6aec-4db4-9d93-cd431bb06f22	POST	http://localhost:3000	/todos
2022-10-12	23:39:58	d7f89b35-6761-4bc7-b2c4-7f04307a37e5	GET	http://localhost:3000	/todos
2022-10-12	23:40:07	b702e8e4-ed06-4ee5-af88-20857a5f78c7	OPTIONS	http://localhost:3000	/todos
2022-10-12	23:40:07	98330ce4-39b7-4370-bc06-58fc2f227d50	POST	http://localhost:3000	/todos
2022-10-12	23:40:07	9624c55a-36ba-47a1-a24d-995d4e895577	GET	http://localhost:3000	/todos
2022-10-12	23:40:12	ca1e4e49-879f-4c5e-81bb-6c0bc3eef1ab	OPTIONS	http://localhost:3000	/todos
2022-10-12	23:40:12	b08de74c-96d3-4b61-b932-fa98094f818d	POST	http://localhost:3000	/todos
2022-10-12	23:40:12	e6076bb7-c8d7-4cef-bf9a-5a7e58ce2b13	GET	http://localhost:3000	/todos
2022-10-12	23:40:14	6399811c-db1d-42c5-b317-96f4009a3d9d	POST	http://localhost:3000	/todos
2022-10-12	23:40:14	2d28ebac-8a9a-4594-930a-7001a979f547	GET	http://localhost:3000	/todos
2022-10-12	23:40:16	32670d53-e560-481f-aaf9-11824b32554c	POST	http://localhost:3000	/todos
2022-10-12	23:40:16	835c0585-5e2e-40d1-88e0-2a20114f4fc6	GET	http://localhost:3000	/todos
2022-10-12	23:40:24	8f116f14-0b62-4415-8e97-65409ac476d8	OPTIONS	http://localhost:3000	/todos/634742472e03cfa35ac467ee
2022-10-12	23:40:24	98c60359-e6d8-4b3d-8b09-f03366779294	PATCH	http://localhost:3000	/todos/634742472e03cfa35ac467ee
2022-10-12	23:40:25	98373420-6a6c-47a2-802f-d0b56ecbeab4	OPTIONS	http://localhost:3000	/todos
2022-10-12	23:40:25	cabb3ccb-4f07-4807-97ec-1621b2f1e15a	GET	http://localhost:3000	/todos
2022-10-12	23:43:40	8e600ddf-306f-4665-b8b2-f1b24af154fa	GET	http://localhost:3000	/refresh
2022-10-12	23:43:41	5fa94e99-189b-4816-8fa3-4bb7ac77d13e	OPTIONS	http://localhost:3000	/todos
2022-10-12	23:43:41	2842c402-19a2-40ef-9ec5-b7514b1554c2	GET	http://localhost:3000	/todos
2022-10-12	23:43:47	d55cc311-dffe-4494-bc27-7e44b0fe71e3	OPTIONS	http://localhost:3000	/todos/6347424c2e03cfa35ac467f1
2022-10-12	23:43:47	b5b0d2dc-e85a-4451-b333-d3cd718ca888	PATCH	http://localhost:3000	/todos/6347424c2e03cfa35ac467f1
2022-10-12	23:44:30	6b0816d1-b7e6-4f42-9e06-572e20db06b8	OPTIONS	http://localhost:3000	/todos/6347423e2e03cfa35ac467eb
2022-10-12	23:44:30	0a192942-5063-430e-adce-1e5945fda989	PATCH	http://localhost:3000	/todos/6347423e2e03cfa35ac467eb
2022-10-12	23:44:38	144ae2b4-81a5-4086-a5ca-ece02b0630ff	OPTIONS	http://localhost:3000	/todos/6347424e2e03cfa35ac467f4
2022-10-12	23:44:38	8c6add20-3c0e-42dc-8c44-652883c8a2ca	PATCH	http://localhost:3000	/todos/6347424e2e03cfa35ac467f4
2022-10-12	23:44:44	355df273-2557-4853-8022-f7732059eb39	OPTIONS	http://localhost:3000	/todos/634742502e03cfa35ac467f7
2022-10-12	23:44:44	80cfbe6f-4004-41d6-8aba-9ea8a5da9256	PATCH	http://localhost:3000	/todos/634742502e03cfa35ac467f7
2022-10-12	23:45:25	4e215237-3563-4c12-81b9-9bba5126d99d	OPTIONS	http://localhost:3000	/todos
2022-10-12	23:45:25	fbcfb1a7-2f52-49df-8496-637e75b250c9	DELETE	http://localhost:3000	/todos
2022-10-12	23:45:25	bbf87040-81f2-46f0-a483-dde107a95b25	GET	http://localhost:3000	/todos
2022-10-12	23:45:29	ca31dd4b-8f4e-41f2-b775-0c3888ac0136	DELETE	http://localhost:3000	/todos
2022-10-12	23:45:29	287e8cbe-c30a-4707-b4a4-d0621f19e55c	GET	http://localhost:3000	/todos
2022-10-12	23:45:33	afc6125f-73ba-4fd4-ba0a-6377e36bdd7f	OPTIONS	http://localhost:3000	/todos/634742382e03cfa35ac467e5
2022-10-12	23:45:33	48af0631-b289-4c81-a95b-db1825d4dbc8	PATCH	http://localhost:3000	/todos/634742382e03cfa35ac467e5
2022-10-12	23:45:39	75ab0213-5ea0-469e-8bbd-32fedc0d5818	OPTIONS	http://localhost:3000	/todos
2022-10-12	23:45:39	746f6917-0aa2-4e64-9f70-1f71d50c7608	DELETE	http://localhost:3000	/todos
2022-10-12	23:45:42	3246cfec-109c-4e2a-985e-f0e77ef20353	DELETE	http://localhost:3000	/todos
2022-10-12	23:45:51	ef75a40e-440d-4bd8-a7ff-e145c9a1254f	GET	http://localhost:3000	/refresh
2022-10-12	23:45:51	ebacb01a-288d-4951-9396-d340ea363fbd	OPTIONS	http://localhost:3000	/todos
2022-10-12	23:45:51	1d90ca28-0504-4a5b-91ed-f88b68eb3045	GET	http://localhost:3000	/todos
2022-10-12	23:45:54	62762066-0d13-4bce-ad3f-fedf15475818	OPTIONS	http://localhost:3000	/todos
2022-10-12	23:45:54	2edf5f52-bfd6-404b-93f6-4bf947d1bc6c	DELETE	http://localhost:3000	/todos
2022-10-12	23:45:55	8db9c96a-6097-4ab9-a2b3-9f599fc5a0fc	GET	http://localhost:3000	/todos
2022-10-12	23:46:02	de0effec-a032-44bf-bf1f-0b02799c0327	OPTIONS	http://localhost:3000	/todos
2022-10-12	23:46:02	3eb19e7b-4344-4081-b563-4e1c185bffe8	POST	http://localhost:3000	/todos
2022-10-12	23:46:03	aa17a9c1-715c-4bfe-a6f2-fdd90d102df5	GET	http://localhost:3000	/todos
2022-10-12	23:46:05	c557f35e-25ee-4ec2-b7fa-f55782061aa7	POST	http://localhost:3000	/todos
2022-10-12	23:46:06	fad4b8da-2191-4835-8f4f-09a415c6d5bd	GET	http://localhost:3000	/todos
2022-10-12	23:46:09	805f1696-d06a-447d-b6e4-fc3a309d74d0	OPTIONS	http://localhost:3000	/todos
2022-10-12	23:46:09	16257835-af9a-4bd1-be50-baf5b1fc75ad	POST	http://localhost:3000	/todos
2022-10-12	23:46:09	16f488b4-7741-4d4d-a473-5d8db9aa3517	GET	http://localhost:3000	/todos
2022-10-12	23:46:11	0c49c7a4-bbd9-4f8c-bbb0-b014fc73c545	OPTIONS	http://localhost:3000	/todos/634743ad2e03cfa35ac46816
2022-10-12	23:46:11	f5948a9a-51ad-48c5-b800-67486a4c614e	PATCH	http://localhost:3000	/todos/634743ad2e03cfa35ac46816
2022-10-12	23:46:11	ee40e143-8024-42be-b935-295ae6ddee71	GET	http://localhost:3000	/todos
2022-10-12	23:46:18	3deab1a6-ab2b-4162-9269-2f7e8faa61a1	OPTIONS	http://localhost:3000	/todos/634743b12e03cfa35ac46819
2022-10-12	23:46:18	e987e4bc-c9d5-443c-abf7-2f5d91bbec7b	PATCH	http://localhost:3000	/todos/634743b12e03cfa35ac46819
2022-10-12	23:46:18	5236d1ac-5325-443c-a4f4-676f4a8667a5	OPTIONS	http://localhost:3000	/todos
2022-10-12	23:46:18	14b9fc84-42b5-4c0c-ae37-0da94308226b	GET	http://localhost:3000	/todos
2022-10-12	23:47:55	95e76cde-9438-4174-bd15-62c492811596	OPTIONS	http://localhost:3000	/todos/634743aa2e03cfa35ac46813
2022-10-12	23:47:55	26e6f075-4fa5-43a9-84b3-4b9693f34488	PATCH	http://localhost:3000	/todos/634743aa2e03cfa35ac46813
2022-10-12	23:47:55	9b92901c-36c0-4866-a3c5-a0472a8be463	OPTIONS	http://localhost:3000	/todos
2022-10-12	23:47:55	2affce9a-5b5a-4b6c-b0a8-250e9abac589	GET	http://localhost:3000	/todos
2022-10-12	23:48:15	16272309-6f4b-4673-82a1-a81333fc5e6b	GET	http://localhost:3000	/refresh
2022-10-12	23:48:15	9a7d3fca-b68a-4262-abbc-aff80c857484	OPTIONS	http://localhost:3000	/todos
2022-10-12	23:48:15	0633ed98-d827-418a-a12a-d2ecab0196ad	GET	http://localhost:3000	/todos
2022-10-12	23:48:18	0e87156c-b534-4381-8210-4c1baf8671ab	OPTIONS	http://localhost:3000	/todos/6347423b2e03cfa35ac467e8
2022-10-12	23:48:19	7c5635c0-6a53-4fe4-9230-e810fed3c6ad	PATCH	http://localhost:3000	/todos/6347423b2e03cfa35ac467e8
2022-10-12	23:48:19	2f051349-becc-4422-8e10-88bf9645afaf	GET	http://localhost:3000	/todos
2022-10-12	23:48:24	417f8d1b-2292-476c-9496-bea810b6cfe5	OPTIONS	http://localhost:3000	/todos
2022-10-12	23:48:24	bbe7150c-d8fd-49b0-95a3-fff6493d53c7	DELETE	http://localhost:3000	/todos
2022-10-12	23:48:25	5343bf23-def3-4a70-a396-a23b869a4481	GET	http://localhost:3000	/todos
2022-10-12	23:48:30	70bc7c25-6104-41ac-9e71-6be172a0f78f	OPTIONS	http://localhost:3000	/logout
2022-10-12	23:48:30	85d3e66b-7fcc-4b82-9963-dba56076aa23	GET	http://localhost:3000	/logout
2022-10-12	23:48:39	fdac6309-6c70-4525-8c90-ffae0b14764a	OPTIONS	http://localhost:3000	/login
2022-10-12	23:48:39	cea2a75a-aa98-4486-b496-3b9c29744a98	POST	http://localhost:3000	/login
2022-10-12	23:48:47	fe05e181-af1f-471c-b4c1-59a89bb7b351	OPTIONS	http://localhost:3000	/login
2022-10-12	23:48:47	02b2cd30-121d-489b-99ec-69d2d6044733	POST	http://localhost:3000	/login
2022-10-12	23:48:55	8c8bd21f-aa39-462d-b374-d9919f9a1fe1	OPTIONS	http://localhost:3000	/todos
2022-10-12	23:48:55	52ebeb52-5f02-4e0e-b1fe-3a6e88acc8d3	POST	http://localhost:3000	/todos
2022-10-12	23:48:56	f62eaef6-b08d-4006-be34-8a8bdb8d3270	GET	http://localhost:3000	/todos
2022-10-12	23:49:02	a9aa57e0-1bb8-4f31-8574-069431edb4fc	OPTIONS	http://localhost:3000	/todos
2022-10-12	23:49:02	3a7b59fd-cd52-47ff-9c7c-c048abb7045c	POST	http://localhost:3000	/todos
2022-10-12	23:49:02	feafa9d6-2fda-409e-a133-4fc7abee177e	GET	http://localhost:3000	/todos
2022-10-12	23:49:11	8f5cf001-bcd2-4249-8367-ef0b10f9a1b9	OPTIONS	http://localhost:3000	/todos
2022-10-12	23:49:11	6db12ef2-cc4d-4c2f-9523-517c71662ee0	POST	http://localhost:3000	/todos
2022-10-12	23:49:11	03f558da-3499-4777-98c6-ffe960e6a210	GET	http://localhost:3000	/todos
2022-10-12	23:49:14	f3946c08-162e-4c57-95b1-59cebbc6567d	OPTIONS	http://localhost:3000	/logout
2022-10-12	23:49:14	b4f4af77-9048-4c3b-9fb0-495db0973f2f	GET	http://localhost:3000	/logout
2022-10-12	23:49:23	21c3c787-01ca-495d-a7e8-5601e3081763	OPTIONS	http://localhost:3000	/login
2022-10-12	23:49:23	bd42f7d2-a7b9-48a2-9962-48f13bcfcfb0	POST	http://localhost:3000	/login
2022-10-12	23:49:30	2e50ec57-7f21-4435-8a31-ed296638692f	OPTIONS	http://localhost:3000	/login
2022-10-12	23:49:30	fce09446-8df2-47b1-aff8-20ef735eb9fe	POST	http://localhost:3000	/login
2022-10-12	23:50:34	6a02b825-7c09-4e44-95e7-2921bd0f7b3a	OPTIONS	http://localhost:3000	/todos
2022-10-12	23:50:34	97afd66f-1a07-495d-b641-9d8c51f6d324	POST	http://localhost:3000	/todos
2022-10-12	23:50:35	2addb941-2e4e-43bc-8d69-ab15f768baa5	GET	http://localhost:3000	/todos
2022-10-12	23:55:31	3021f2f1-b079-42a0-9ed4-6204cfd77143	OPTIONS	http://localhost:3000	/logout
2022-10-12	23:55:31	141e1465-8fa9-4fe0-ab89-76030fe100a8	GET	http://localhost:3000	/logout
2022-10-12	23:55:42	c222fdc8-60f2-425e-ad8a-38c88857f775	OPTIONS	http://localhost:3000	/login
2022-10-12	23:55:43	8657cf71-4f1f-4f9c-a1a5-01bf617fe4dd	POST	http://localhost:3000	/login
2022-10-12	23:55:51	428ed0d2-9942-405a-b58a-30f4d602fc99	GET	http://localhost:3000	/refresh
2022-10-12	23:55:51	2fa9c9f7-8efc-44e8-baf6-ddd3f0ab8737	OPTIONS	http://localhost:3000	/todos
2022-10-12	23:55:51	8e084733-6a63-4056-8843-a56980033cc5	GET	http://localhost:3000	/todos
2022-10-12	23:55:54	3835a96e-bae4-4ade-9db3-5f61fc31d0ca	OPTIONS	http://localhost:3000	/logout
2022-10-12	23:55:54	1cc7495c-0529-4dcb-ac8a-6275ce290e72	GET	http://localhost:3000	/logout
2022-10-12	23:55:55	4f5965a3-ac92-48f1-9650-238e96231ea2	GET	http://localhost:3000	/refresh
2022-10-12	23:56:10	f608ca9d-ba51-4a26-bcbf-4428c5fc5655	OPTIONS	http://localhost:3000	/login
2022-10-12	23:56:10	e3c85edd-a2db-4403-a688-0302cacf0fd7	POST	http://localhost:3000	/login
2022-10-12	23:56:11	4a582ea1-64d4-4e32-91fd-4d6975b9897f	OPTIONS	http://localhost:3000	/refresh
2022-10-12	23:56:11	f9ec4a5d-06e2-4168-8789-33c00b8f5108	GET	http://localhost:3000	/refresh
2022-10-12	23:56:11	db0a825f-4634-4575-af8c-c09ae191ccde	OPTIONS	http://localhost:3000	/todos
2022-10-12	23:56:11	1f0abf6b-af19-4303-9221-3946afb0ea2d	GET	http://localhost:3000	/todos
2022-10-12	23:56:17	100b9176-5445-40e3-bd42-d41539515ebc	OPTIONS	http://localhost:3000	/logout
2022-10-12	23:56:17	a149251b-cb65-4c88-9003-f9db63524df5	GET	http://localhost:3000	/logout
2022-10-12	23:56:17	1d1ca7f4-c0db-45d3-9985-569e85257100	GET	http://localhost:3000	/refresh
2022-10-12	23:56:27	f8187785-3298-49a3-8fb2-812aa2e50b06	OPTIONS	http://localhost:3000	/login
2022-10-12	23:56:27	ecc5b12a-a989-4752-9f1e-9c3ce8c9965a	POST	http://localhost:3000	/login
2022-10-12	23:56:28	c932339f-6b17-4cee-b703-8a201b9a745a	OPTIONS	http://localhost:3000	/refresh
2022-10-12	23:56:28	4fb7bc7f-fcd8-46a3-8f88-f5093efd19c8	GET	http://localhost:3000	/refresh
2022-10-12	23:56:28	e8e82d20-4dcf-451f-a35b-d809a6e9962f	OPTIONS	http://localhost:3000	/todos
2022-10-12	23:56:28	40f58f94-a0d0-4b43-b991-a4b621c73611	GET	http://localhost:3000	/todos
2022-10-13	00:00:45	e2390e42-8fc4-4096-905e-3697e3c7a5d0	OPTIONS	http://localhost:3000	/todos
2022-10-13	00:00:45	4141baf5-dbb4-44ef-96d6-6d55000e0971	POST	http://localhost:3000	/todos
2022-10-13	00:00:45	24f5f0be-99a6-4fe8-bf1d-b30732e1fece	GET	http://localhost:3000	/todos
2022-10-13	00:01:45	365af3b1-6ec4-4379-b12b-ccb5db4f03a1	OPTIONS	http://localhost:3000	/todos
2022-10-13	00:01:45	a8d82824-bbef-4084-b1a3-692125ee143d	POST	http://localhost:3000	/todos
2022-10-13	00:01:46	818b0efc-0103-4a41-b592-4a697e3e957f	GET	http://localhost:3000	/todos
2022-10-13	00:01:59	0bea9ad0-b5a5-449b-bfba-3aa734cbdfd2	GET	http://localhost:3000	/refresh
2022-10-13	00:01:59	c638fac9-e98b-4514-b300-c90b54c41011	OPTIONS	http://localhost:3000	/todos
2022-10-13	00:01:59	2ffcfd7c-83b8-421a-b822-b866d4d686a6	GET	http://localhost:3000	/todos
2022-10-13	00:02:12	a166ba86-14e3-4478-be3c-f544c31bbcc1	OPTIONS	http://localhost:3000	/todos/6347445e2e03cfa35ac46834
2022-10-13	00:02:12	8407d89b-a2b5-47da-affa-fe05d9357d9c	PATCH	http://localhost:3000	/todos/6347445e2e03cfa35ac46834
2022-10-13	00:02:12	725e1753-fd08-446d-82cc-6d5e3e3bc69b	OPTIONS	http://localhost:3000	/todos
2022-10-13	00:02:12	02e904bb-4744-4ed1-bf18-a89fc365d067	GET	http://localhost:3000	/todos
